mov edi edi +
push esi  +
mov esi ecx +
lea ecx [esi+10h] +
call ds:??1DSTRING@@UAE@XZ  +
mov ecx esi +
pop esi  +
jmp ds:??1OBJECT@@UAE@XZ  +
***
call __SEH_prolog4_GS  +
lea ecx [ebp+var_66C] +
mov esi ds:??0DSTRING@@QAE@XZ +
call esi  +
lea ecx [ebp+var_4D4] +
call esi  +
lea ecx [ebp+var_63C] +
call esi  +
lea ecx [ebp+var_590] +
call esi  +
lea ecx [ebp+var_4F0] +
call esi  +
lea ecx [ebp+var_608] +
call esi  +
lea ecx [ebp+var_548] +
call esi  +
lea ecx [ebp+var_620] +
call esi  +
lea ecx [ebp+var_5A8] +
call esi  +
lea ecx [ebp+var_5C0] +
call esi  +
lea ecx [ebp+var_654] +
call esi  +
lea ecx [ebp+var_504] +
mov edi ds:??0FSTRING@@QAE@XZ +
call edi  +
lea ecx [ebp+var_518] +
call edi  +
lea ecx [ebp+var_ACC] +
call ds:??0ARGUMENT_LEXEMIZER@@QAE@XZ  +
lea ecx [ebp+var_5F0] +
mov edi ds:??0ARRAY@@QAE@XZ +
call edi  +
lea ecx [ebp+var_4BC] +
call edi  +
lea ecx [ebp+var_8A4] +
mov edi ds:??0FLAG_ARGUMENT@@QAE@XZ +
call edi  +
lea ecx [ebp+var_814] +
call edi  +
lea ecx [ebp+var_7B4] +
call edi  +
lea ecx [ebp+var_904] +
call edi  +
lea ecx [ebp+var_7E4] +
call edi  +
lea ecx [ebp+var_69C] +
mov ebx ds:??0LONG_ARGUMENT@@QAE@XZ +
call ebx  +
lea ecx [ebp+var_724] +
call edi  +
lea ecx [ebp+var_784] +
call edi  +
lea ecx [ebp+var_754] +
call edi  +
lea ecx [ebp+var_874] +
call edi  +
lea ecx [ebp+var_6C8] +
call ebx  +
lea ecx [ebp+var_6F4] +
call ds:??0STRING_ARGUMENT@@QAE@XZ  +
lea ecx [ebp+var_844] +
call ds:??0PATH_ARGUMENT@@QAE@XZ  +
lea ecx [ebp+var_8D4] +
call edi  +
lea ecx [ebp+var_98C] +
call ds:??0CHKDSK_MESSAGE@@QAE@XZ  +
lea ecx [ebp+var_25C] +
mov edi ds:??0PATH@@QAE@XZ +
call edi  +
lea ecx [ebp+var_49C] +
call edi  +
lea ecx [ebp+var_578] +
call esi  +
lea ecx [ebp+var_560] +
call esi  +
lea ecx [ebp+var_530] +
call esi  +
lea ecx [ebp+var_5D8] +
call esi  +
xor ebx ebx +
mov [ebp+var_670] ebx +
push ebx  +
push ebx  +
push 1  +
push ebx  +
call ds:HeapSetInformation  +
push ebx  +
call ds:?Get_Standard_Input_Stream@@YGPAVSTREAM@@XZ  +
push eax  +
call ds:?Get_Standard_Output_Stream@@YGPAVSTREAM@@XZ  +
push eax  +
lea ecx [ebp+var_98C] +
call ds:?Initialize@CHKDSK_MESSAGE@@QAEEPAVSTREAM@@00@Z  +
test al al +
jz loc_100258E  +
push 0FFFFFFFFh  +
push offset asc_1001294  +
lea ecx [ebp+var_654] +
mov edi ds:?Initialize@WSTRING@@QAEEPBDK@Z +
call edi  +
test al al +
jz loc_100255E  +
push 0FFFFFFFFh  +
push offset aNtfs  +
lea ecx [ebp+var_530] +
call edi  +
test al al +
jz loc_100255E  +
push 0FFFFFFFFh  +
push offset aUdf  +
lea ecx [ebp+var_5D8] +
call edi  +
test al al +
jz loc_100255E  +
push 1  +
push 5  +
lea ecx [ebp+var_4BC] +
mov edi ds:?Initialize@ARRAY@@QAEEKK@Z +
call edi  +
test al al +
jz loc_1002557  +
push 1  +
push 5  +
lea ecx [ebp+var_5F0] +
call edi  +
test al al +
jz loc_1002557  +
lea eax [ebp+var_5F0] +
push eax  +
lea ecx [ebp+var_ACC] +
call ds:?Initialize@ARGUMENT_LEXEMIZER@@QAEEPAVARRAY@@@Z  +
test al al +
jz loc_1002557  +
push offset a?  +
lea ecx [ebp+var_8A4] +
mov edi ds:?Initialize@FLAG_ARGUMENT@@QAEEPAD@Z +
call edi  +
test al al +
jz loc_1002557  +
push offset aO  +
lea ecx [ebp+var_8D4] +
call edi  +
test al al +
jz loc_1002557  +
push offset asc_100127C  +
lea ecx [ebp+var_814] +
call edi  +
test al al +
jz loc_1002557  +
push offset aF  +
lea ecx [ebp+var_7B4] +
call edi  +
test al al +
jz loc_1002557  +
push offset aV  +
lea ecx [ebp+var_904] +
call edi  +
test al al +
jz loc_1002557  +
push offset aR  +
lea ecx [ebp+var_7E4] +
call edi  +
test al al +
jz loc_1002557  +
push offset aI_0  +
lea ecx [ebp+var_69C] +
call ds:?Initialize@LONG_ARGUMENT@@QAEEPAD@Z  +
test al al +
jz loc_1002557  +
push offset aI  +
lea ecx [ebp+var_724] +
call edi  +
test al al +
jz loc_1002557  +
push offset aC  +
lea ecx [ebp+var_784] +
call edi  +
test al al +
jz loc_1002557  +
push offset aB_0  +
lea ecx [ebp+var_754] +
call edi  +
test al al +
jz loc_1002557  +
push offset asc_1001258  +
lea ecx [ebp+var_874] +
call edi  +
test al al +
jz loc_1002557  +
push offset asc_1001250  +
lea ecx [ebp+var_6C8] +
call ds:?Initialize@LONG_ARGUMENT@@QAEEPAD@Z  +
test al al +
jz loc_1002557  +
mov edi offset asc_100124C +
push edi  +
lea ecx [ebp+var_6F4] +
call ds:?Initialize@STRING_ARGUMENT@@QAEEPAD@Z  +
test al al +
jz loc_1002557  +
push ebx  +
push edi  +
lea ecx [ebp+var_844] +
call ds:?Initialize@PATH_ARGUMENT@@QAEEPADE@Z  +
test al al +
jz loc_1002557  +
push ebx  +
lea ecx [ebp+var_ACC] +
call ds:?SetCaseSensitive@ARGUMENT_LEXEMIZER@@QAEXE@Z  +
lea eax [ebp+var_6F4] +
push eax  +
lea ecx [ebp+var_4BC] +
mov edi ds:?Put@ARRAY@@UAEEPAVOBJECT@@@Z +
call edi  +
test al al +
jz loc_1002550  +
lea eax [ebp+var_8A4] +
push eax  +
lea ecx [ebp+var_4BC] +
call edi  +
test al al +
jz loc_1002550  +
lea eax [ebp+var_8D4] +
push eax  +
lea ecx [ebp+var_4BC] +
call edi  +
test al al +
jz loc_1002550  +
lea eax [ebp+var_814] +
push eax  +
lea ecx [ebp+var_4BC] +
call edi  +
test al al +
jz loc_1002550  +
lea eax [ebp+var_7B4] +
push eax  +
lea ecx [ebp+var_4BC] +
call edi  +
test al al +
jz loc_1002550  +
lea eax [ebp+var_904] +
push eax  +
lea ecx [ebp+var_4BC] +
call edi  +
test al al +
jz loc_1002550  +
lea eax [ebp+var_7E4] +
push eax  +
lea ecx [ebp+var_4BC] +
call edi  +
test al al +
jz loc_1002550  +
lea eax [ebp+var_69C] +
push eax  +
lea ecx [ebp+var_4BC] +
call edi  +
test al al +
jz loc_1002550  +
lea eax [ebp+var_724] +
push eax  +
lea ecx [ebp+var_4BC] +
call edi  +
test al al +
jz loc_1002550  +
lea eax [ebp+var_784] +
push eax  +
lea ecx [ebp+var_4BC] +
call edi  +
test al al +
jz loc_1002550  +
lea eax [ebp+var_754] +
push eax  +
lea ecx [ebp+var_4BC] +
call edi  +
test al al +
jz loc_1002550  +
lea eax [ebp+var_874] +
push eax  +
lea ecx [ebp+var_4BC] +
call edi  +
test al al +
jz loc_1002550  +
lea eax [ebp+var_6C8] +
push eax  +
lea ecx [ebp+var_4BC] +
call edi  +
test al al +
jz loc_1002550  +
lea eax [ebp+var_844] +
push eax  +
lea ecx [ebp+var_4BC] +
call edi  +
test al al +
jz loc_1002550  +
push ebx  +
lea ecx [ebp+var_ACC] +
call ds:?PrepareToParse@ARGUMENT_LEXEMIZER@@QAEEPAVWSTRING@@@Z  +
test al al +
jnz loc_100182A  +
push 0D5h  +
jmp loc_1002563  +
lea eax [ebp+var_4BC] +
push eax  +
lea ecx [ebp+var_ACC] +
call ds:?DoParsing@ARGUMENT_LEXEMIZER@@QAEEPAVARRAY@@@Z  +
test al al +
jnz loc_100188E  +
push 3  +
push ebx  +
push 0BD2h  +
lea ecx [ebp+var_98C] +
call ds:?Set@CHKDSK_MESSAGE@@UAEEKW4MESSAGE_TYPE@@K@Z  +
lea ecx [ebp+var_ACC] +
call ds:?QueryInvalidArgument@ARGUMENT_LEXEMIZER@@QAEPAVWSTRING@@XZ  +
mov esi eax +
push esi  +
push offset aW  +
lea eax [ebp+var_98C] +
push eax  +
call ds:?Display@MESSAGE@@QAAEPBDZZ  +
add esp 0Ch +
cmp esi ebx +
jz loc_100258E  +
mov eax [esi] +
push 1  +
mov ecx esi +
call dword ptr [eax]  +
jmp loc_100258E  +
cmp [ebp+var_878] bl +
jz loc_1001998  +
push 3  +
push 0  +
push 428h  +
lea ecx [ebp+var_98C] +
mov edi ds:?Set@CHKDSK_MESSAGE@@UAEEKW4MESSAGE_TYPE@@K@Z +
call edi  +
mov esi offset dword_10011BC +
push esi  +
lea eax [ebp+var_98C] +
push eax  +
mov ebx ds:?Display@MESSAGE@@QAAEPBDZZ +
call ebx  +
pop ecx  +
pop ecx  +
push 3  +
push 0  +
push 419h  +
lea ecx [ebp+var_98C] +
call edi  +
push esi  +
lea eax [ebp+var_98C] +
push eax  +
call ebx  +
pop ecx  +
pop ecx  +
push 3  +
push 0  +
push 429h  +
lea ecx [ebp+var_98C] +
call edi  +
push esi  +
lea eax [ebp+var_98C] +
push eax  +
call ebx  +
pop ecx  +
pop ecx  +
push 3  +
push 0  +
push 419h  +
lea ecx [ebp+var_98C] +
call edi  +
push esi  +
lea eax [ebp+var_98C] +
push eax  +
call ebx  +
pop ecx  +
pop ecx  +
push 3  +
push 0  +
push 42Ah  +
lea ecx [ebp+var_98C] +
call edi  +
push esi  +
lea eax [ebp+var_98C] +
push eax  +
call ebx  +
pop ecx  +
pop ecx  +
push 3  +
push 0  +
push 42Bh  +
lea ecx [ebp+var_98C] +
call edi  +
push esi  +
lea eax [ebp+var_98C] +
push eax  +
call ebx  +
pop ecx  +
pop ecx  +
push 3  +
push 0  +
push 42Ch  +
lea ecx [ebp+var_98C] +
call edi  +
push esi  +
lea eax [ebp+var_98C] +
push eax  +
call ebx  +
pop ecx  +
pop ecx  +
push 3  +
push 0  +
push 42Dh  +
lea ecx [ebp+var_98C] +
call edi  +
push esi  +
lea eax [ebp+var_98C] +
push eax  +
call ebx  +
pop ecx  +
pop ecx  +
jmp loc_100258E  +
lea ecx [ebp+var_874] +
mov edi ds:?IsValueSet@ARGUMENT@@QAEEXZ +
call edi  +
test al al +
jz loc_10019DE  +
lea ecx [ebp+var_7B4] +
call edi  +
test al al +
jz loc_10019DE  +
push 3  +
push ebx  +
push 6667h  +
lea ecx [ebp+var_98C] +
call ds:?Set@CHKDSK_MESSAGE@@UAEEKW4MESSAGE_TYPE@@K@Z  +
push offset dword_10011BC  +
lea eax [ebp+var_98C] +
push eax  +
call ds:?Display@MESSAGE@@QAAEPBDZZ  +
jmp loc_1001991  +
lea ecx [ebp+var_844] +
call edi  +
test al al +
jnz loc_1001A23  +
lea eax [ebp+var_4F0] +
push eax  +
call ds:?QueryCurrentDosDriveName@SYSTEM@@SGEPAVWSTRING@@@Z  +
test al al +
jz loc_100258E  +
push ebx  +
lea eax [ebp+var_4F0] +
push eax  +
lea ecx [ebp+var_49C] +
call ds:?Initialize@PATH@@QAEEPBVWSTRING@@E@Z  +
test al al +
jz loc_100258E  +
lea edi [ebp+var_49C] +
jmp loc_1001A29  +
mov edi [ebp+var_81C] +
lea eax [ebp+var_560] +
push eax  +
lea eax [ebp+var_25C] +
push eax  +
lea eax [ebp+var_4F0] +
push eax  +
mov ecx edi +
call ds:?AnalyzePath@PATH@@QAE?AW4PATH_ANALYZE_CODE@@PAVWSTRING@@PAV1@0@Z  +
cmp eax ebx +
jl loc_1001CB7  +
cmp eax 1 +
jle loc_1001A72  +
cmp eax 2 +
jz loc_100258E  +
cmp eax 4 +
jnz loc_1001CB7  +
push 3  +
push ebx  +
push 439h  +
jmp loc_10019BE  +
lea ecx [ebp+var_25C] +
call ds:?IsDrive@PATH@@QBEEXZ  +
test al al +
jnz loc_1001A8D  +
cmp [ebp+var_40] ebx +
mov [ebp+var_49D] bl +
jnz loc_1001A94  +
mov [ebp+var_49D] 1 +
mov ecx edi +
call ds:?IsGuidVolName@PATH@@QAEEXZ  +
push 0FFFFFFFFh  +
lea ecx [ebp+var_578] +
push ebx  +
test al al +
jz loc_1001B6E  +
lea eax [ebp+var_4F0] +
push eax  +
call ds:?Initialize@WSTRING@@QAEEPBV1@KK@Z  +
test al al +
jz loc_100258E  +
cmp [ebp+var_40] 2 +
jnz loc_1001AED  +
mov eax [ebp+var_44] +
cmp word ptr [eax+2] 3Ah +
jnz loc_1001AED  +
push 0FFFFFFFFh  +
push ebx  +
lea eax [ebp+var_4C] +
push eax  +
lea ecx [ebp+var_4F0] +
call ds:?Initialize@WSTRING@@QAEEPBV1@KK@Z  +
test al al +
jz loc_100258E  +
lea eax [ebp+var_560] +
push eax  +
lea ecx [ebp+var_25C] +
call ds:?AppendString@PATH@@QAEEPBVWSTRING@@@Z  +
test al al +
jz loc_100258E  +
push ebx  +
lea eax [ebp+var_560] +
push eax  +
lea ecx [ebp+var_49C] +
call ds:?Initialize@PATH@@QAEEPBVWSTRING@@E@Z  +
test al al +
jz loc_100258E  +
push [ebp+var_4E8]  +
call ds:_wcsupr  +
pop ecx  +
push 1  +
mov edi ds:SetErrorMode +
call edi  +
mov [ebp+uMode] eax +
lea eax [ebp+var_4F0] +
push eax  +
call ds:?QueryDriveType@SYSTEM@@SG?AW4DRIVE_TYPE@@PBVWSTRING@@@Z  +
mov [ebp+var_9D0] eax +
push [ebp+uMode]  +
cmp eax 3 +
jnz loc_1001B76  +
call edi  +
push 3  +
push ebx  +
push 3F5h  +
jmp loc_10019BE  +
lea eax [ebp+var_4C] +
jmp loc_1001AB3  +
call edi  +
lea eax [ebp+var_608] +
push eax  +
call ds:?QueryCurrentDosDriveName@SYSTEM@@SGEPAVWSTRING@@@Z  +
test al al +
jz loc_100258E  +
cmp [ebp+var_788] bl +
jnz loc_1001BB3  +
cmp [ebp+var_7E8] bl +
jnz loc_1001BB3  +
cmp [ebp+var_7B8] bl +
jnz loc_1001BB3  +
cmp [ebp+var_728] bl +
mov byte ptr [ebp+var_4D8] bl +
jz loc_1001BBA  +
mov byte ptr [ebp+var_4D8] 1 +
lea eax [ebp+var_548] +
push eax  +
lea eax [ebp+var_4F0] +
push eax  +
call ds:?DosDriveNameToNtDriveName@IFS_SYSTEM@@SGEPBVWSTRING@@PAV2@@Z  +
test al al +
jz loc_100258E  +
push 0FFFFFFFFh  +
push 1  +
push ebx  +
push ebx  +
push 0FFFFFFFFh  +
push ebx  +
lea ecx [ebp+var_548] +
call ds:?QueryWSTR@WSTRING@@QBEPAGKKPAGKE@Z  +
push eax  +
lea ecx [ebp+var_620] +
call ds:?Initialize@WSTRING@@QAEEPBGK@Z  +
test al al +
jz loc_100258E  +
push 1  +
call edi  +
mov [ebp+uMode] eax +
lea eax [ebp+var_63C] +
push eax  +
lea eax [ebp+var_99C] +
push eax  +
lea eax [ebp+var_4D4] +
push eax  +
lea eax [ebp+var_548] +
push eax  +
call ds:?QueryFileSystemName@IFS_SYSTEM@@SGEPBVWSTRING@@PAV2@PAJ1@Z  +
push [ebp+uMode]  +
test al al +
jnz loc_1001C95  +
call edi  +
push 3  +
lea ecx [ebp+var_98C] +
push ebx  +
cmp [ebp+var_99C] 0C0000022h +
jnz loc_1001C57  +
push 0BD5h  +
jmp loc_10019C4  +
cmp [ebp+var_99C] ebx +
jz loc_1001C69  +
push 7D7h  +
jmp loc_10019C4  +
push 0BCBh  +
call ds:?Set@CHKDSK_MESSAGE@@UAEEKW4MESSAGE_TYPE@@K@Z  +
lea eax [ebp+var_578] +
push eax  +
push offset aW  +
lea eax [ebp+var_98C] +
push eax  +
call ds:?Display@MESSAGE@@QAAEPBDZZ  +
add esp 0Ch +
jmp loc_100258E  +
call edi  +
push [ebp+var_528]  +
push [ebp+var_4CC]  +
call ds:_wcsicmp  +
pop ecx  +
pop ecx  +
test eax eax +
jnz loc_1001CC4  +
cmp [ebp+var_554] ebx +
jz loc_1001CC4  +
push 3  +
push ebx  +
push 454h  +
jmp loc_10019BE  +
mov [ebp+var_968] 1 +
push 3  +
push 0  +
push 430h  +
lea ecx [ebp+var_98C] +
mov edi ds:?Set@CHKDSK_MESSAGE@@UAEEKW4MESSAGE_TYPE@@K@Z +
call edi  +
lea eax [ebp+var_578] +
push eax  +
mov ebx offset aW +
push ebx  +
lea eax [ebp+var_98C] +
push eax  +
call ds:?Log@MESSAGE@@QAAEPBDZZ  +
add esp 0Ch +
push 3  +
push 0  +
push 0BC7h  +
lea ecx [ebp+var_98C] +
call edi  +
lea eax [ebp+var_4D4] +
push eax  +
push ebx  +
lea eax [ebp+var_98C] +
push eax  +
mov ebx ds:?Display@MESSAGE@@QAAEPBDZZ +
call ebx  +
push [ebp+var_4CC]  +
call ds:_wcsupr  +
add esp 10h +
lea ecx [ebp+var_9B4] +
call esi  +
push 0FFFFFFFFh  +
push offset aFat32  +
lea ecx [ebp+var_9B4] +
call ds:?Initialize@WSTRING@@QAEEPBDK@Z  +
test al al +
jnz loc_1001D68  +
lea ecx [ebp+var_9B4] +
mov esi ds:??1DSTRING@@UAE@XZ +
call esi  +
jmp loc_1002594  +
push [ebp+var_9AC]  +
push [ebp+var_4CC]  +
call ds:_wcsicmp  +
pop ecx  +
pop ecx  +
mov esi ds:?Initialize@WSTRING@@QAEEPBDK@Z +
test eax eax +
jnz loc_1001D95  +
push 0FFFFFFFFh  +
push offset aFat  +
lea ecx [ebp+var_4D4] +
call esi  +
push 0FFFFFFFFh  +
push offset aU  +
lea ecx [ebp+var_590] +
call esi  +
test al al +
jz loc_100251B  +
lea eax [ebp+var_4D4] +
push eax  +
lea ecx [ebp+var_590] +
call ds:?Strcat@WSTRING@@QAEEPBV1@@Z  +
test al al +
jz loc_100251B  +
push 0FFFFFFFFh  +
push offset aChkdskex  +
lea ecx [ebp+var_5A8] +
call esi  +
test al al +
jz loc_100251B  +
push 0FFFFFFFFh  +
push offset aSetoriginalvol  +
lea ecx [ebp+var_5C0] +
call esi  +
test al al +
jz loc_100251B  +
cmp byte ptr [ebp+var_4D8] 0 +
jz loc_1001E9E  +
push [ebp+var_4E8]  +
push [ebp+var_600]  +
call ds:_wcsicmp  +
pop ecx  +
pop ecx  +
test eax eax +
jnz loc_1001E9E  +
push 3  +
push eax  +
push 0BD6h  +
lea ecx [ebp+var_98C] +
call edi  +
mov esi offset dword_10011BC +
push esi  +
lea eax [ebp+var_98C] +
push eax  +
call ebx  +
pop ecx  +
pop ecx  +
push 0FFFFFFFFh  +
push offset aA  +
lea ecx [ebp+var_504] +
call ds:?Initialize@FSTRING@@QAEPAVWSTRING@@PAGK@Z  +
push 0FFFFFFFFh  +
push offset aB  +
lea ecx [ebp+var_518] +
call ds:?Initialize@FSTRING@@QAEPAVWSTRING@@PAGK@Z  +
push [ebp+var_4FC]  +
push [ebp+var_4E8]  +
call ds:_wcsicmp  +
pop ecx  +
pop ecx  +
test eax eax +
jz loc_1001D55  +
push [ebp+var_510]  +
push [ebp+var_4E8]  +
call ds:_wcsicmp  +
pop ecx  +
pop ecx  +
test eax eax +
jnz loc_1001EA3  +
jmp loc_1001D55  +
mov esi offset dword_10011BC +
lea ecx [ebp+var_69C] +
call ds:?IsValueSet@ARGUMENT@@QAEEXZ  +
test al al +
jz loc_1001EDE  +
cmp [ebp+var_6F8] 0 +
jz loc_1001EDE  +
push 3  +
push 0  +
push 46Ah  +
lea ecx [ebp+var_98C] +
call edi  +
push esi  +
lea eax [ebp+var_98C] +
push eax  +
call ebx  +
pop ecx  +
pop ecx  +
jmp loc_1001D55  +
lea ecx [ebp+var_69C] +
call ds:?IsValueSet@ARGUMENT@@QAEEXZ  +
test al al +
jz loc_1001F11  +
cmp [ebp+var_674] 32h +
ja loc_1001F06  +
movzx eax word ptr [ebp+var_674] +
mov [ebp+var_994] eax +
jmp loc_1001F18  +
push 3  +
push 0  +
push 46Bh  +
jmp loc_1001EC5  +
and [ebp+var_994] 0 +
cmp [ebp+var_6F8] 0 +
jnz loc_1001F31  +
lea ecx [ebp+var_69C] +
call ds:?IsValueSet@ARGUMENT@@QAEEXZ  +
test al al +
jz loc_1001F6F  +
push [ebp+var_528]  +
push [ebp+var_4CC]  +
call ds:_wcsicmp  +
pop ecx  +
pop ecx  +
test eax eax +
jz loc_1001F6F  +
push [ebp+var_5D0]  +
push [ebp+var_4CC]  +
call ds:_wcsicmp  +
pop ecx  +
pop ecx  +
test eax eax +
jz loc_1001F6F  +
push 3  +
push 0  +
push 45Fh  +
jmp loc_1001EC5  +
cmp [ebp+var_758] 0 +
jz loc_1001F9E  +
push [ebp+var_528]  +
push [ebp+var_4CC]  +
call ds:_wcsicmp  +
pop ecx  +
pop ecx  +
test eax eax +
jz loc_1001F9E  +
push 3  +
push 0  +
push 460h  +
jmp loc_1001EC5  +
lea ecx [ebp+var_874] +
call ds:?IsValueSet@ARGUMENT@@QAEEXZ  +
test al al +
jnz loc_1001FC6  +
lea ecx [ebp+var_6C8] +
call ds:?IsValueSet@ARGUMENT@@QAEEXZ  +
test al al +
jnz loc_1001FC6  +
mov [ebp+var_49E] al +
jmp loc_1002042  +
mov [ebp+var_49E] 1 +
push [ebp+var_528]  +
push [ebp+var_4CC]  +
call ds:_wcsicmp  +
pop ecx  +
pop ecx  +
test eax eax +
jz loc_1001FF3  +
push 3  +
push 0  +
push 453h  +
jmp loc_1001EC5  +
lea ecx [ebp+var_6C8] +
call ds:?IsValueSet@ARGUMENT@@QAEEXZ  +
test al al +
jz loc_100203B  +
mov eax [ebp+var_6A0] +
test eax eax +
jg loc_100201B  +
push 3  +
push 0  +
push 452h  +
jmp loc_1001EC5  +
cmp eax 3FFFFFh +
jbe loc_1002030  +
push 3  +
push 0  +
push 6608h  +
jmp loc_1001EC5  +
shl eax 0Ah +
mov [ebp+uMode] eax +
jmp loc_1002042  +
and [ebp+uMode] 0 +
lea ecx [ebp+var_754] +
call ds:?IsValueSet@ARGUMENT@@QAEEXZ  +
test al al +
jz loc_1002078  +
push [ebp+var_528]  +
push [ebp+var_4CC]  +
call ds:_wcsicmp  +
pop ecx  +
pop ecx  +
test eax eax +
jz loc_1002078  +
push 3  +
push 0  +
push 46Fh  +
jmp loc_1001EC5  +
lea eax [ebp+var_990] +
push eax  +
lea eax [ebp+var_5A8] +
push eax  +
lea eax [ebp+var_590] +
push eax  +
call ds:?QueryLibraryEntryPoint@SYSTEM@@SGP6GHXZPBVWSTRING@@0PAPAX@Z  +
mov [ebp+var_998] eax +
test eax eax +
jz loc_10024CB  +
cmp byte ptr [ebp+var_4D8] 0 +
jz loc_1002244  +
call ds:?EnableBreakHandling@KEYBOARD@@SGEXZ  +
test al al +
jnz loc_1002244  +
push 3  +
pop ebx  +
lea ecx [ebp+var_9B4] +
mov esi ds:??1DSTRING@@UAE@XZ +
call esi  +
lea ecx [ebp+var_5D8] +
call esi  +
lea ecx [ebp+var_530] +
call esi  +
lea ecx [ebp+var_560] +
call esi  +
lea ecx [ebp+var_578] +
call esi  +
lea ecx [ebp+var_49C] +
mov edi ds:??1PATH@@UAE@XZ +
call edi  +
lea ecx [ebp+var_25C] +
call edi  +
lea ecx [ebp+var_98C] +
call ds:??1CHKDSK_MESSAGE@@UAE@XZ  +
lea ecx [ebp+var_8D4] +
call sub_1001341  +
lea ecx [ebp+var_844] +
call ds:??1PATH_ARGUMENT@@UAE@XZ  +
lea ecx [ebp+var_6F4] +
call ds:??1STRING_ARGUMENT@@UAE@XZ  +
lea ecx [ebp+var_6C8] +
call sub_1001341  +
lea ecx [ebp+var_874] +
call sub_1001341  +
lea ecx [ebp+var_754] +
call sub_1001341  +
lea ecx [ebp+var_784] +
call sub_1001341  +
lea ecx [ebp+var_724] +
call sub_1001341  +
lea ecx [ebp+var_69C] +
call sub_1001341  +
lea ecx [ebp+var_7E4] +
call sub_1001341  +
lea ecx [ebp+var_904] +
call sub_1001341  +
lea ecx [ebp+var_7B4] +
call sub_1001341  +
lea ecx [ebp+var_814] +
call sub_1001341  +
lea ecx [ebp+var_8A4] +
call sub_1001341  +
lea ecx [ebp+var_4BC] +
mov edi ds:??1ARRAY@@UAE@XZ +
call edi  +
lea ecx [ebp+var_5F0] +
call edi  +
lea ecx [ebp+var_ACC] +
call ds:??1ARGUMENT_LEXEMIZER@@UAE@XZ  +
lea ecx [ebp+var_518] +
call ds:??1FSTRING@@UAE@XZ  +
lea ecx [ebp+var_504] +
call ds:??1FSTRING@@UAE@XZ  +
lea ecx [ebp+var_654] +
call esi  +
lea ecx [ebp+var_5C0] +
call esi  +
lea ecx [ebp+var_5A8] +
call esi  +
lea ecx [ebp+var_620] +
call esi  +
lea ecx [ebp+var_548] +
call esi  +
lea ecx [ebp+var_608] +
call esi  +
lea ecx [ebp+var_4F0] +
call esi  +
lea ecx [ebp+var_590] +
call esi  +
lea ecx [ebp+var_63C] +
call esi  +
lea ecx [ebp+var_4D4] +
call esi  +
lea ecx [ebp+var_66C] +
call esi  +
mov eax ebx +
jmp loc_1002707  +
mov byte ptr [ebp+var_9CC] 1 +
mov byte ptr [ebp+var_9CC+1] 1 +
movzx eax [ebp+var_758] +
neg eax  +
sbb eax eax +
and eax 400h +
movzx ecx [ebp+var_6F8] +
neg ecx  +
sbb ecx ecx +
and ecx 200h +
or eax ecx +
xor ecx ecx +
cmp [ebp+var_8D8] cl +
setnz cl  +
or eax ecx +
movzx ecx [ebp+var_7E8] +
neg ecx  +
sbb ecx ecx +
and ecx 100h +
or eax ecx +
movzx ecx [ebp+var_7B8] +
neg ecx  +
sbb ecx ecx +
and ecx 6 +
or eax ecx +
movzx ecx [ebp+var_49E] +
neg ecx  +
sbb ecx ecx +
and ecx 40h +
or eax ecx +
movzx ecx [ebp+var_728] +
neg ecx  +
sbb ecx ecx +
and ecx 2000h +
or eax ecx +
mov [ebp+var_9C8] eax +
lea ecx [ebp+var_69C] +
call ds:?IsValueSet@ARGUMENT@@QAEEXZ  +
movzx eax al +
neg eax  +
sbb eax eax +
and eax 800h +
or [ebp+var_9C8] eax +
mov eax [ebp+uMode] +
mov [ebp+var_9C4] eax +
lea eax [ebp+var_25C] +
mov [ebp+var_9C0] eax +
movzx eax [ebp+var_49D] +
neg eax  +
sbb eax eax +
not eax  +
lea ecx [ebp+var_49C] +
and eax ecx +
mov [ebp+var_9BC] eax +
mov ax word ptr [ebp+var_994] +
mov [ebp+var_9B8] ax +
cmp byte ptr [ebp+var_4D8] 0 +
jz loc_1002363  +
lea eax [ebp+var_624] +
push eax  +
lea eax [ebp+var_9CC] +
push eax  +
push [ebp+var_4D8]  +
lea eax [ebp+var_98C] +
push eax  +
lea eax [ebp+var_548] +
push eax  +
call [ebp+var_998]  +
jmp loc_100247F  +
lea eax [ebp+var_5C0] +
push eax  +
push [ebp+var_990]  +
call ds:?QueryNextLibraryEntryPoint@SYSTEM@@SGP6GHXZPAXPBVWSTRING@@@Z  +
mov esi eax +
mov [ebp+var_49D] 0 +
cmp [ebp+var_8A8] 0 +
jnz loc_10023E6  +
cmp [ebp+var_49E] 0 +
jnz loc_10023E6  +
cmp [ebp+var_9D0] 4 +
jz loc_10023E6  +
lea eax [ebp+var_670] +
push eax  +
lea eax [ebp+var_4F0] +
push eax  +
call ds:?GetVolumeSnapshot@SNAPSHOT@@SGEPAVWSTRING@@PAPAV1@@Z  +
test al al +
jz loc_10023E6  +
mov ecx [ebp+var_670] +
test ecx ecx +
jz loc_10023E6  +
push 0FFFFFFFFh  +
call ds:?GetSnapshotNtDeviceName@SNAPSHOT@@QAEPAGXZ  +
push eax  +
lea ecx [ebp+var_548] +
call ds:?Initialize@WSTRING@@QAEEPBGK@Z  +
test al al +
jz loc_100241D  +
mov [ebp+var_49D] 1 +
or [ebp+var_9C8] 1000h +
and [ebp+ms_exc.disabled] 0 +
test esi esi +
jz loc_10023F7  +
lea eax [ebp+var_620] +
push eax  +
call esi  +
lea eax [ebp+var_624] +
push eax  +
lea eax [ebp+var_9CC] +
push eax  +
push 0  +
lea eax [ebp+var_98C] +
push eax  +
lea eax [ebp+var_548] +
push eax  +
call [ebp+var_998]  +
jmp loc_1002463  +
push [ebp+var_670]  +
call ds:?ReleaseVolumeSnapshot@SNAPSHOT@@SGEPAV1@@Z  +
jmp loc_10023E6  +
xor eax eax +
inc eax  +
retn   +
mov esp [ebp-18h] +
push 3  +
pop esi  +
push esi  +
push 0  +
push 65D4h  +
lea ecx [ebp-98Ch] +
call ds:?Set@CHKDSK_MESSAGE@@UAEEKW4MESSAGE_TYPE@@K@Z  +
push offset dword_10011BC  +
lea eax [ebp+var_98C] +
push eax  +
call ds:?Display@MESSAGE@@QAAEPBDZZ  +
pop ecx  +
pop ecx  +
mov [ebp+var_624] esi +
mov [ebp+ms_exc.disabled] 0FFFFFFFEh +
cmp [ebp+var_49D] 0 +
jz loc_100247F  +
push [ebp+var_670]  +
call ds:?ReleaseVolumeSnapshot@SNAPSHOT@@SGEPAV1@@Z  +
xor ebx ebx +
inc ebx  +
cmp [ebp+var_624] ebx +
jnz loc_100249D  +
cmp byte ptr [ebp+var_4D8] 0 +
jnz loc_100249D  +
mov [ebp+var_624] 3 +
push [ebp+var_990]  +
call ds:?FreeLibraryHandle@SYSTEM@@SGXPAX@Z  +
cmp byte ptr [ebp+var_4D8] 0 +
jz loc_10024C0  +
call ds:?DisableBreakHandling@KEYBOARD@@SGEXZ  +
test al al +
jz loc_10020BF  +
mov ebx [ebp+var_624] +
jmp loc_10020BF  +
push 3  +
push 0  +
push 0BCAh  +
lea ecx [ebp+var_98C] +
call edi  +
lea eax [ebp+var_4D4] +
push eax  +
push offset aChkdsk  +
push offset aSW  +
lea eax [ebp+var_98C] +
push eax  +
call ebx  +
add esp 10h +
push 3  +
push 0  +
push 419h  +
lea ecx [ebp+var_98C] +
call edi  +
push esi  +
lea eax [ebp+var_98C] +
push eax  +
call ebx  +
pop ecx  +
pop ecx  +
jmp loc_10020BC  +
push 1B8h  +
push offset aDW7rtmBaseFsUt  +
call ds:?MakeFileToken@MESSAGE@@SG_KPBD@Z  +
push edx  +
push eax  +
push offset dword_10011C0  +
push 3  +
push 1  +
push 43Ch  +
lea eax [ebp+var_98C] +
push eax  +
call ds:?DisplayMsg@MESSAGE@@QAAEKW4MESSAGE_TYPE@@KPBDZZ  +
add esp 20h +
jmp loc_1001D55  +
push 0CCh  +
jmp loc_1002563  +
push 0B5h  +
jmp loc_1002563  +
push 9Ah  +
push offset aDW7rtmBaseFsUt  +
call ds:?MakeFileToken@MESSAGE@@SG_KPBD@Z  +
push edx  +
push eax  +
push offset dword_10011C0  +
push 3  +
push 1  +
push 43Ch  +
lea eax [ebp+var_98C] +
push eax  +
call ds:?DisplayMsg@MESSAGE@@QAAEKW4MESSAGE_TYPE@@KPBDZZ  +
add esp 20h +
mov esi ds:??1DSTRING@@UAE@XZ +
lea ecx [ebp+var_5D8] +
call esi  +
lea ecx [ebp+var_530] +
call esi  +
lea ecx [ebp+var_560] +
call esi  +
lea ecx [ebp+var_578] +
call esi  +
lea ecx [ebp+var_49C] +
mov edi ds:??1PATH@@UAE@XZ +
call edi  +
lea ecx [ebp+var_25C] +
call edi  +
lea ecx [ebp+var_98C] +
call ds:??1CHKDSK_MESSAGE@@UAE@XZ  +
lea ecx [ebp+var_8D4] +
call sub_1001341  +
lea ecx [ebp+var_844] +
call ds:??1PATH_ARGUMENT@@UAE@XZ  +
lea ecx [ebp+var_6F4] +
call ds:??1STRING_ARGUMENT@@UAE@XZ  +
lea ecx [ebp+var_6C8] +
call sub_1001341  +
lea ecx [ebp+var_874] +
call sub_1001341  +
lea ecx [ebp+var_754] +
call sub_1001341  +
lea ecx [ebp+var_784] +
call sub_1001341  +
lea ecx [ebp+var_724] +
call sub_1001341  +
lea ecx [ebp+var_69C] +
call sub_1001341  +
lea ecx [ebp+var_7E4] +
call sub_1001341  +
lea ecx [ebp+var_904] +
call sub_1001341  +
lea ecx [ebp+var_7B4] +
call sub_1001341  +
lea ecx [ebp+var_814] +
call sub_1001341  +
lea ecx [ebp+var_8A4] +
call sub_1001341  +
lea ecx [ebp+var_4BC] +
mov edi ds:??1ARRAY@@UAE@XZ +
call edi  +
lea ecx [ebp+var_5F0] +
call edi  +
lea ecx [ebp+var_ACC] +
call ds:??1ARGUMENT_LEXEMIZER@@UAE@XZ  +
lea ecx [ebp+var_518] +
call ds:??1FSTRING@@UAE@XZ  +
lea ecx [ebp+var_504] +
call ds:??1FSTRING@@UAE@XZ  +
lea ecx [ebp+var_654] +
call esi  +
lea ecx [ebp+var_5C0] +
call esi  +
lea ecx [ebp+var_5A8] +
call esi  +
lea ecx [ebp+var_620] +
call esi  +
lea ecx [ebp+var_548] +
call esi  +
lea ecx [ebp+var_608] +
call esi  +
lea ecx [ebp+var_4F0] +
call esi  +
lea ecx [ebp+var_590] +
call esi  +
lea ecx [ebp+var_63C] +
call esi  +
lea ecx [ebp+var_4D4] +
call esi  +
lea ecx [ebp+var_66C] +
call esi  +
push 3  +
pop eax  +
call __SEH_epilog4_GS  +
retn   +
***
mov edi edi +
push ebp  +
mov ebp esp +
push esi  +
mov esi [ebp+arg_0] +
xor eax eax +
jmp loc_100272E  +
test eax eax +
jnz loc_1002733  +
mov ecx [esi] +
test ecx ecx +
jz loc_100272B  +
call ecx  +
add esi 4 +
cmp esi [ebp+arg_4] +
jb loc_100271F  +
pop esi  +
pop ebp  +
retn   +
***
mov eax dword_100403C +
push offset dword_100402C  +
push dword_1004038  +
mov dword_100402C eax +
push offset dword_100401C  +
push offset dword_1004020  +
push offset dword_1004018  +
call ds:__getmainargs  +
add esp 14h +
mov dword_1004028 eax +
retn   +
***
call __SEH_prolog4  +
xor ebx ebx +
mov [ebp+ms_exc.disabled] ebx +
mov eax large fs:18h +
mov esi [eax+4] +
mov [ebp+var_1C] ebx +
mov edi offset Destination +
push ebx  +
push esi  +
push edi  +
call ds:InterlockedCompareExchange  +
cmp eax ebx +
jz loc_10027BB  +
cmp eax esi +
jnz loc_10027AE  +
xor esi esi +
inc esi  +
mov [ebp+var_1C] esi +
jmp loc_10027BE  +
push 3E8h  +
call ds:Sleep  +
jmp loc_1002795  +
xor esi esi +
inc esi  +
mov eax dword_100436C +
cmp eax esi +
jnz loc_10027D1  +
push 1Fh  +
call _amsg_exit  +
pop ecx  +
jmp loc_100280C  +
mov eax dword_100436C +
test eax eax +
jnz loc_1002806  +
mov dword_100436C esi +
push offset dword_100119C  +
push offset dword_1001190  +
call sub_1002712  +
pop ecx  +
pop ecx  +
test eax eax +
jz loc_100280C  +
mov [ebp+ms_exc.disabled] 0FFFFFFFEh +
mov eax 0FFh +
jmp loc_10028D6  +
mov dword_1004034 esi +
mov eax dword_100436C +
cmp eax esi +
jnz loc_1002830  +
push offset dword_100118C  +
push offset dword_1001184  +
call _initterm  +
pop ecx  +
pop ecx  +
mov dword_100436C 2 +
cmp [ebp+var_1C] ebx +
jnz loc_100283D  +
push ebx  +
push edi  +
call ds:InterlockedExchange  +
cmp dword_1004374 ebx +
jz loc_100285E  +
push offset dword_1004374  +
call sub_1002B39  +
pop ecx  +
test eax eax +
jz loc_100285E  +
push ebx  +
push 2  +
push ebx  +
call dword_1004374  +
push dword_100401C  +
push dword_1004020  +
push dword_1004018  +
call sub_100134B  +
add esp 0Ch +
mov dword_1004030 eax +
cmp dword_1004024 ebx +
jnz loc_10028BC  +
push eax  +
call ds:exit  +
mov eax [ebp-14h] +
mov ecx [eax] +
mov ecx [ecx] +
mov [ebp-20h] ecx +
push eax  +
push ecx  +
call _XcptFilter  +
pop ecx  +
pop ecx  +
retn   +
mov esp [ebp-18h] +
mov eax [ebp-20h] +
mov dword_1004030 eax +
xor ebx ebx +
cmp dword_1004024 ebx +
jnz loc_10028BC  +
push eax  +
call ds:_exit  +
cmp dword_1004034 ebx +
jnz loc_10028CA  +
call ds:_cexit  +
mov [ebp+ms_exc.disabled] 0FFFFFFFEh +
mov eax dword_1004030 +
call __SEH_epilog4  +
retn   +
***
mov eax 5A4Dh +
cmp ds:1000000h ax +
jz loc_10028F3  +
xor eax eax +
jmp loc_1002940  +
mov eax ds:100003Ch +
lea eax [eax+1000000h] +
cmp dword ptr [eax] 4550h +
jnz loc_10028EF  +
movzx ecx word ptr [eax+18h] +
cmp ecx 10Bh +
jz loc_100292D  +
cmp ecx 20Bh +
jnz loc_10028EF  +
cmp dword ptr [eax+84h] 0Eh +
jbe loc_10028EF  +
xor ecx ecx +
cmp [eax+0F8h] ecx +
jmp loc_100293B  +
cmp dword ptr [eax+74h] 0Eh +
jbe loc_10028EF  +
xor ecx ecx +
cmp [eax+0E8h] ecx +
setnz cl  +
mov eax ecx +
push 1  +
mov dword_1004024 eax +
call sub_1002CA8  +
push eax  +
call ds:__set_app_type  +
or dword_1004364 0FFFFFFFFh +
or dword_1004368 0FFFFFFFFh +
pop ecx  +
pop ecx  +
call ds:__p__fmode  +
mov ecx dword_1004044 +
mov [eax] ecx +
call ds:__p__commode  +
mov ecx dword_1004040 +
mov [eax] ecx +
call sub_1002C3A  +
cmp dword_1004008 0 +
jnz loc_1002999  +
push offset sub_1002C3A  +
call ds:__setusermatherr  +
pop ecx  +
call sub_1002C22  +
xor eax eax +
retn   +
***
call sub_1002CE7  +
jmp sub_1002773  +
***
mov eax [esp+8+arg_4] +
mov ecx [ebp-1Ch] +
xor ecx ebp +
call sub_1002D7D  +
jmp __SEH_epilog4  +
***
mov edi edi +
push ebp  +
mov ebp esp +
push dword ptr [ebp+14h]  +
push dword ptr [ebp+10h]  +
push dword ptr [ebp+0Ch]  +
push dword ptr [ebp+8]  +
push offset sub_1002D7D  +
push offset dword_100400C  +
call _except_handler4_common  +
add esp 18h +
pop ebp  +
retn   +
***
push ebp  +
mov ebp esp +
mov eax [ebp+8] +
mov eax [eax] +
cmp dword ptr [eax] 0E06D7363h +
jnz loc_1002A7B  +
cmp dword ptr [eax+10h] 3 +
jnz loc_1002A7B  +
mov eax [eax+14h] +
cmp eax 19930520h +
jz loc_1002A75  +
cmp eax 19930521h +
jz loc_1002A75  +
cmp eax 19930522h +
jz loc_1002A75  +
cmp eax 1994000h +
jnz loc_1002A7B  +
call ds:?terminate@@YAXXZ  +
xor eax eax +
pop ebp  +
retn 4  +
***
push offset unk_1002A3E  +
call ds:SetUnhandledExceptionFilter  +
xor eax eax +
retn   +
***
mov edi edi +
push ebp  +
mov ebp esp +
mov ecx [ebp+arg_0] +
mov eax 5A4Dh +
cmp [ecx] ax +
jz loc_1002AC6  +
xor eax eax +
pop ebp  +
retn   +
mov eax [ecx+3Ch] +
add eax ecx +
cmp dword ptr [eax] 4550h +
jnz loc_1002AC2  +
xor edx edx +
mov ecx 10Bh +
cmp [eax+18h] cx +
setz dl  +
mov eax edx +
pop ebp  +
retn   +
***
mov edi edi +
push ebp  +
mov ebp esp +
mov eax [ebp+arg_0] +
mov ecx [eax+3Ch] +
add ecx eax +
movzx eax word ptr [ecx+14h] +
push ebx  +
push esi  +
movzx esi word ptr [ecx+6] +
xor edx edx +
push edi  +
lea eax [eax+ecx+18h] +
test esi esi +
jbe loc_1002B2D  +
mov edi [ebp+arg_4] +
mov ecx [eax+0Ch] +
cmp edi ecx +
jb loc_1002B25  +
mov ebx [eax+8] +
add ebx ecx +
cmp edi ebx +
jb loc_1002B2F  +
inc edx  +
add eax 28h +
cmp edx esi +
jb loc_1002B15  +
xor eax eax +
pop edi  +
pop esi  +
pop ebx  +
pop ebp  +
retn   +
***
call __SEH_prolog4  +
and [ebp+ms_exc.disabled] 0 +
mov esi 1000000h +
push esi  +
call sub_1002AB0  +
pop ecx  +
test eax eax +
jz loc_1002B96  +
mov eax [ebp+arg_0] +
sub eax esi +
push eax  +
push esi  +
call sub_1002AF0  +
pop ecx  +
pop ecx  +
test eax eax +
jz loc_1002B96  +
mov eax [eax+24h] +
shr eax 1Fh +
not eax  +
and eax 1 +
mov [ebp+ms_exc.disabled] 0FFFFFFFEh +
jmp loc_1002B9F  +
mov eax [ebp-14h] +
mov eax [eax] +
mov eax [eax] +
xor ecx ecx +
cmp eax 0C0000005h +
setz cl  +
mov eax ecx +
retn   +
mov esp [ebp-18h] +
mov [ebp+ms_exc.disabled] 0FFFFFFFEh +
xor eax eax +
call __SEH_epilog4  +
retn   +
***
mov eax [esp+8+arg_4] +
mov ecx [ebp-10h] +
mov large fs:0 ecx +
pop ecx  +
pop edi  +
pop edi  +
pop esi  +
pop ebx  +
mov esp ebp +
pop ebp  +
push ecx  +
retn   +
***
call ds:_controlfp  +
pop ecx  +
pop ecx  +
retn   +
***
retn   +
***
call __SEH_prolog4  +
xor eax eax +
mov ecx [ebp+arg_0] +
test ecx ecx +
jz loc_1002C9B  +
cmp ecx 0FFFFFFFFh +
jz loc_1002C9B  +
and [ebp+ms_exc.disabled] eax +
mov edx 5A4Dh +
cmp [ecx] dx +
jnz loc_1002C94  +
mov edx [ecx+3Ch] +
test edx edx +
jl loc_1002C94  +
cmp edx 10000000h +
jnb loc_1002C94  +
lea eax [edx+ecx] +
mov [ebp+var_1C] eax +
cmp dword ptr [eax] 4550h +
jz loc_1002C94  +
jmp loc_1002C8F  +
xor eax eax +
inc eax  +
retn   +
mov esp [ebp-18h] +
xor eax eax +
mov [ebp+var_1C] eax +
mov [ebp+ms_exc.disabled] 0FFFFFFFEh +
call __SEH_epilog4  +
retn 4  +
***
mov edi edi +
push ebp  +
mov ebp esp +
push 0  +
call ds:GetModuleHandleA  +
test eax eax +
jz loc_1002CDD  +
push eax  +
call sub_1002C42  +
test eax eax +
jz loc_1002CDD  +
movzx eax word ptr [eax+5Ch] +
cmp ax 2 +
jnz loc_1002CD2  +
push 2  +
pop eax  +
pop ebp  +
retn   +
cmp ax 3 +
jnz loc_1002CDD  +
xor eax eax +
inc eax  +
pop ebp  +
retn   +
mov eax [ebp+arg_0] +
pop ebp  +
retn   +
***
mov edi edi +
push ebp  +
mov ebp esp +
sub esp 10h +
mov eax dword_100400C +
and [ebp+SystemTimeAsFileTime.dwLowDateTime] 0 +
and [ebp+SystemTimeAsFileTime.dwHighDateTime] 0 +
push ebx  +
push edi  +
mov edi 0BB40E64Eh +
mov ebx 0FFFF0000h +
cmp eax edi +
jz loc_1002D19  +
test eax ebx +
jz loc_1002D19  +
not eax  +
mov dword_1004010 eax +
jmp loc_1002D74  +
push esi  +
lea eax [ebp+SystemTimeAsFileTime] +
push eax  +
call ds:GetSystemTimeAsFileTime  +
mov esi [ebp+SystemTimeAsFileTime.dwHighDateTime] +
xor esi [ebp+SystemTimeAsFileTime.dwLowDateTime] +
call ds:GetCurrentProcessId  +
xor esi eax +
call ds:GetCurrentThreadId  +
xor esi eax +
call ds:GetTickCount  +
xor esi eax +
lea eax [ebp+PerformanceCount] +
push eax  +
call ds:QueryPerformanceCounter  +
mov eax dword ptr [ebp+PerformanceCount+4] +
xor eax dword ptr [ebp+PerformanceCount] +
xor esi eax +
cmp esi edi +
jz loc_1002D60  +
test dword_100400C ebx +
jnz loc_1002D65  +
mov esi 0BB40E64Fh +
mov dword_100400C esi +
not esi  +
mov dword_1004010 esi +
pop esi  +
pop edi  +
pop ebx  +
leave   +
retn   +
***
cmp ecx dword_100400C +
jnz loc_1002D88  +
retn 0  +
jmp loc_1002D9D  +
***
mov edi edi +
push ebp  +
mov ebp esp +
sub esp 328h +
mov dword_1004148 eax +
mov dword_1004144 ecx +
mov dword_1004140 edx +
mov dword_100413C ebx +
mov dword_1004138 esi +
mov dword_1004134 edi +
mov word_1004160 ss +
mov word_1004154 cs +
mov word_1004130 ds +
mov word_100412C es +
mov word_1004128 fs +
mov word_1004124 gs +
pushf   +
pop dword_1004158  +
mov eax [ebp+0] +
mov dword_100414C eax +
mov eax [ebp+4] +
mov dword_1004150 eax +
lea eax [ebp+8] +
mov dword_100415C eax +
mov eax [ebp-320h] +
mov dword_1004098 10001h +
mov eax dword_1004150 +
mov dword_1004054 eax +
mov dword_1004048 0C0000409h +
mov dword_100404C 1 +
mov eax dword_100400C +
mov [ebp-328h] eax +
mov eax dword_1004010 +
mov [ebp-324h] eax +
push 0  +
call ds:SetUnhandledExceptionFilter  +
push offset ExceptionInfo  +
call ds:UnhandledExceptionFilter  +
push 0C0000409h  +
call ds:GetCurrentProcess  +
push eax  +
call ds:TerminateProcess  +
leave   +
retn   +
***
retn   +
***
