mov edi edi +
push ebp  +
mov ebp esp +
push [ebp+arg_0]  +
mov eax large fs:18h +
mov eax [eax+30h] +
push 0  +
push dword ptr [eax+18h]  +
call ds:RtlAllocateHeap  +
pop ebp  +
retn   +
***
mov edi edi +
push ebp  +
mov ebp esp +
cmp [ebp+arg_0] 0 +
jz loc_100139A  +
push [ebp+arg_0]  +
mov eax large fs:18h +
mov eax [eax+30h] +
push 0  +
push dword ptr [eax+18h]  +
call ds:RtlFreeHeap  +
pop ebp  +
retn   +
***
mov eax [ecx+0E8h] +
cmp eax 0Ch +
jz loc_10013B4  +
cmp eax 0Bh +
jz loc_10013B4  +
mov al 1 +
retn   +
xor al al +
retn   +
***
mov edi edi +
push esi  +
mov esi ecx +
call ds:??0PROGRAM@@IAE@XZ  +
lea ecx [esi+9Ch] +
mov dword ptr [esi] offset off_10011DC +
call ds:??0MULTIPLE_PATH_ARGUMENT@@QAE@XZ  +
mov eax dword_1004018 +
mov [esi+4] eax +
mov eax esi +
pop esi  +
retn   +
***
mov edi edi +
push esi  +
mov esi ecx +
lea ecx [esi+9Ch] +
call ds:??1MULTIPLE_PATH_ARGUMENT@@UAE@XZ  +
mov ecx esi +
pop esi  +
jmp ds:??1PROGRAM@@UAE@XZ  +
***
mov edi edi +
push esi  +
mov esi ecx +
lea ecx [esi+10h] +
call ds:??1DSTRING@@UAE@XZ  +
mov ecx esi +
pop esi  +
jmp ds:??1OBJECT@@UAE@XZ  +
***
mov edi edi +
push ebp  +
mov ebp esp +
sub esp 4DCh +
mov eax dword_1004000 +
xor eax ebp +
mov [ebp+var_4] eax +
push ebx  +
push esi  +
push edi  +
mov edi ds:??0DSTRING@@QAE@XZ +
mov ebx ecx +
lea ecx [ebp+var_324] +
call edi  +
lea ecx [ebp+var_244] +
call ds:??0PATH@@QAE@XZ  +
lea ecx [ebp+var_384] +
call edi  +
lea ecx [ebp+var_290] +
call ds:??0MOUNT_POINT_MAP@@QAE@XZ  +
lea ecx [ebp+var_284] +
call edi  +
lea ecx [ebp+var_30C] +
call edi  +
lea ecx [ebp+var_33C] +
call edi  +
lea ecx [ebp+var_36C] +
call edi  +
lea ecx [ebp+var_2D8] +
call edi  +
lea ecx [ebp+var_354] +
call edi  +
lea ecx [ebp+var_26C] +
mov byte ptr [ebp+uMode] 0 +
call edi  +
lea ecx [ebp+var_4DC] +
call ds:??0DP_DRIVE@@QAE@XZ  +
cmp byte ptr [ebx+8Ch] 0 +
jz loc_100159C  +
mov esi ds:?Initialize@WSTRING@@QAEEPBDK@Z +
push 0FFFFFFFFh  +
push offset aAutocheckAutoc  +
lea ecx [ebp+var_26C] +
call esi  +
test al al +
jz loc_1001FB2  +
push 1  +
lea eax [ebp+var_26C] +
push eax  +
call ds:?DeleteEntry@AUTOREG@@SGEPBVWSTRING@@E@Z  +
test al al +
jz loc_1001FB2  +
push 0FFFFFFFFh  +
push offset aAutocheckAut_0  +
lea ecx [ebp+var_26C] +
call esi  +
test al al +
jz loc_1001521  +
lea eax [ebp+var_26C] +
push eax  +
call ds:?AddEntry@AUTOREG@@SGEPBVWSTRING@@@Z  +
test al al +
jz loc_1001521  +
mov bl 1 +
jmp loc_1001523  +
xor bl bl +
mov esi ds:??1DSTRING@@UAE@XZ +
lea ecx [ebp+var_4DC] +
call ds:??1DP_DRIVE@@UAE@XZ  +
lea ecx [ebp+var_26C] +
call esi  +
lea ecx [ebp+var_354] +
call esi  +
lea ecx [ebp+var_2D8] +
call esi  +
lea ecx [ebp+var_36C] +
call esi  +
lea ecx [ebp+var_33C] +
call esi  +
lea ecx [ebp+var_30C] +
call esi  +
lea ecx [ebp+var_284] +
call esi  +
lea ecx [ebp+var_290] +
call ds:??1MOUNT_POINT_MAP@@UAE@XZ  +
lea ecx [ebp+var_384] +
call esi  +
lea ecx [ebp+var_244] +
call ds:??1PATH@@UAE@XZ  +
lea ecx [ebp+var_324] +
call esi  +
mov al bl +
jmp loc_1002026  +
cmp byte ptr [ebx+90h] 0 +
jz loc_1001618  +
cmp dword ptr [ebx+94h] 0 +
jz loc_10015E9  +
lea eax [ebp+var_254] +
push eax  +
call ds:?QueryAutochkTimeOut@VOL_LIODPDRV@@SGEPAK@Z  +
test al al +
jnz loc_10015C9  +
mov [ebp+var_254] 0Ah +
push [ebp+var_254]  +
push offset aD  +
push 0  +
push 774Eh  +
mov eax [ebx] +
push ebx  +
call dword ptr [eax+8]  +
add esp 14h +
jmp loc_100151D  +
lea esi [ebx+98h] +
mov eax [esi] +
test eax eax +
jl loc_1001521  +
push eax  +
call ds:?SetAutochkTimeOut@VOL_LIODPDRV@@SGEK@Z  +
test al al +
jnz loc_100151D  +
push dword ptr [esi]  +
push offset aD  +
push 0  +
push 774Dh  +
jmp loc_10015DB  +
mov esi ds:?Initialize@WSTRING@@QAEEPBDK@Z +
push 0FFFFFFFFh  +
push offset aNtfs  +
lea ecx [ebp+var_30C] +
call esi  +
test al al +
jz loc_1001FB2  +
push 0FFFFFFFFh  +
push offset aFat  +
lea ecx [ebp+var_33C] +
call esi  +
test al al +
jz loc_1001FB2  +
push 0FFFFFFFFh  +
push offset aFat32  +
lea ecx [ebp+var_36C] +
call esi  +
test al al +
jz loc_1001FB2  +
lea ecx [ebp+var_290] +
call ds:?Initialize@MOUNT_POINT_MAP@@QAEEXZ  +
test al al +
jz loc_1001521  +
mov ecx [ebx+0CCh] +
mov eax [ecx] +
call dword ptr [eax+14h]  +
mov edi eax +
mov eax [edi] +
mov ecx edi +
call dword ptr [eax+18h]  +
jmp loc_100175D  +
lea ecx [eax+210h] +
mov [ebp+var_248] ecx +
lea ecx [ebp+var_384] +
push ecx  +
lea ecx [ebp+var_244] +
push ecx  +
lea ecx [ebp+var_324] +
push ecx  +
mov ecx eax +
call ds:?AnalyzePath@PATH@@QAE?AW4PATH_ANALYZE_CODE@@PAVWSTRING@@PAV1@0@Z  +
test eax eax +
jl loc_1001826  +
cmp eax 1 +
jg loc_1001808  +
cmp [ebp+var_378] 0 +
jnz loc_1001826  +
push 50h  +
call sub_1001355  +
pop ecx  +
test eax eax +
jz loc_10016EF  +
mov ecx eax +
call ds:??0MOUNT_POINT_TUPLE@@QAE@XZ  +
mov esi eax +
jmp loc_10016F1  +
xor esi esi +
test esi esi +
jz loc_1001841  +
push 0FFFFFFFFh  +
push 0  +
push [ebp+var_248]  +
lea ecx [esi+8] +
call ds:?Initialize@WSTRING@@QAEEPBV1@KK@Z  +
test al al +
jz loc_100184E  +
push 0FFFFFFFFh  +
push 0  +
lea eax [ebp+var_324] +
push eax  +
lea ecx [esi+20h] +
call ds:?Initialize@WSTRING@@QAEEPBV1@KK@Z  +
test al al +
jz loc_100184E  +
push 0FFFFFFFFh  +
push 0  +
lea eax [ebp+var_34] +
push eax  +
lea ecx [esi+38h] +
call ds:?Initialize@WSTRING@@QAEEPBV1@KK@Z  +
test al al +
jz loc_100184E  +
mov ecx [ebp+var_288] +
mov eax [ecx] +
push esi  +
call dword ptr [eax+8]  +
test al al +
jz loc_1001852  +
mov eax [edi] +
mov ecx edi +
call dword ptr [eax+10h]  +
test eax eax +
jnz loc_1001690  +
mov eax [edi] +
push 1  +
mov ecx edi +
call dword ptr [eax]  +
mov ecx [ebp+var_288] +
mov eax [ecx] +
call dword ptr [eax+14h]  +
mov edi eax +
mov eax [edi] +
mov ecx edi +
call dword ptr [eax+18h]  +
mov eax [edi] +
mov ecx edi +
call dword ptr [eax+10h]  +
test eax eax +
jz loc_10018C8  +
mov esi ds:SetErrorMode +
lea ecx [eax+8] +
add eax 20h +
push 1  +
mov [ebp+var_248] ecx +
mov [ebp+var_254] eax +
call esi  +
push [ebp+var_254]  +
mov [ebp+uMode+1] eax +
call ds:?QueryDriveType@SYSTEM@@SG?AW4DRIVE_TYPE@@PBVWSTRING@@@Z  +
push [ebp+uMode+1]  +
mov [ebp+var_2DC] eax +
call esi  +
mov eax [ebp+var_2DC] +
sub eax 0 +
jz loc_10019DD  +
dec eax  +
jz loc_100185C  +
dec eax  +
dec eax  +
jz loc_1001996  +
dec eax  +
dec eax  +
jnz loc_10018B9  +
push [ebp+var_248]  +
push offset aW  +
push eax  +
push 7745h  +
jmp loc_1001838  +
cmp eax 2 +
jz loc_1001841  +
cmp eax 4 +
jnz loc_1001826  +
push [ebp+var_248]  +
push offset aW  +
push 0  +
push 774Ah  +
jmp loc_1001838  +
push [ebp+var_248]  +
push offset aW  +
push 0  +
push 773Eh  +
mov eax [ebx] +
push ebx  +
call dword ptr [eax+8]  +
add esp 14h +
mov eax [edi] +
push 1  +
mov ecx edi +
call dword ptr [eax]  +
jmp loc_1001521  +
test esi esi +
jz loc_1001841  +
mov eax [esi] +
push 1  +
mov ecx esi +
call dword ptr [eax]  +
jmp loc_1001841  +
lea eax [ebp+var_284] +
push eax  +
push [ebp+var_254]  +
call ds:?DosDriveNameToNtDriveName@IFS_SYSTEM@@SGEPBVWSTRING@@PAV2@@Z  +
test al al +
jz loc_1001841  +
push 1  +
call esi  +
mov [ebp+uMode+1] eax +
xor eax eax +
push eax  +
push eax  +
push eax  +
push eax  +
lea eax [ebp+var_284] +
push eax  +
lea ecx [ebp+var_4DC] +
call ds:?Initialize@DP_DRIVE@@QAEEPBVWSTRING@@PAVMESSAGE@@EEG@Z  +
push [ebp+uMode+1]  +
test al al +
jz loc_10019AD  +
call esi  +
lea ecx [ebp+var_4DC] +
call sub_10013A1  +
test al al +
jnz loc_10019C6  +
mov eax [edi] +
mov ecx edi +
call dword ptr [eax+10h]  +
test eax eax +
jnz loc_100179D  +
mov eax [edi] +
mov ecx edi +
call dword ptr [eax+18h]  +
cmp byte ptr [ebx+8Dh] 0 +
jz loc_1001BCF  +
mov esi ds:??0DSTRING@@QAE@XZ +
lea ecx [ebp+var_2A8] +
call esi  +
lea ecx [ebp+var_2C0] +
call esi  +
mov esi ds:?Initialize@WSTRING@@QAEEPBDK@Z +
push 0FFFFFFFFh  +
push offset aAutocheckAut_0  +
lea ecx [ebp+var_26C] +
call esi  +
test al al +
jz loc_1001BAA  +
push 1  +
lea eax [ebp+var_26C] +
push eax  +
call ds:?DeleteEntry@AUTOREG@@SGEPBVWSTRING@@E@Z  +
test al al +
jz loc_1001BAA  +
push 0FFFFFFFFh  +
push offset aAutocheckAut_1  +
lea ecx [ebp+var_26C] +
call esi  +
test al al +
jz loc_1001BAA  +
push 1  +
lea eax [ebp+var_26C] +
push eax  +
call ds:?DeleteEntry@AUTOREG@@SGEPBVWSTRING@@E@Z  +
test al al +
jz loc_1001BAA  +
push 0FFFFFFFFh  +
push offset aAutocheckAutoc  +
lea ecx [ebp+var_26C] +
call esi  +
test al al +
jz loc_1001BAA  +
push 0FFFFFFFFh  +
push offset aK  +
lea ecx [ebp+var_2C0] +
call esi  +
test al al +
jz loc_1001BAA  +
push 0FFFFFFFFh  +
push offset aAutocheckAutoc  +
lea ecx [ebp+var_2A8] +
call esi  +
jmp loc_1001B13  +
push [ebp+var_248]  +
push offset aW  +
push 0  +
push 7743h  +
jmp loc_1001838  +
call esi  +
push [ebp+var_248]  +
push offset aW  +
push 0  +
push 773Fh  +
jmp loc_1001838  +
push [ebp+var_248]  +
push offset aW  +
push 0  +
push 7748h  +
jmp loc_1001838  +
push [ebp+var_248]  +
push offset aW  +
push 0  +
push 7742h  +
jmp loc_1001838  +
lea ecx [eax+20h] +
add eax 38h +
mov [ebp+uMode+1] eax +
lea eax [ebp+var_284] +
push eax  +
push ecx  +
mov [ebp+var_254] ecx +
call ds:?DosDriveNameToNtDriveName@IFS_SYSTEM@@SGEPBVWSTRING@@PAV2@@Z  +
test al al +
jz loc_1001BAA  +
lea eax [ebp+var_354] +
push eax  +
push 0  +
lea eax [ebp+var_2D8] +
push eax  +
lea eax [ebp+var_284] +
push eax  +
call ds:?QueryFileSystemName@IFS_SYSTEM@@SGEPBVWSTRING@@PAV2@PAJ1@Z  +
test al al +
jz loc_1001A59  +
mov eax [ebx] +
lea ecx [ebp+var_2D8] +
push ecx  +
push offset aW  +
push 0  +
push 0BC7h  +
push ebx  +
call dword ptr [eax+8]  +
add esp 14h +
lea eax [ebp+var_284] +
push eax  +
lea eax [ebp+var_2A8] +
push eax  +
call ds:?DeleteEntry@AUTOREG@@SGEPBVWSTRING@@0@Z  +
test al al +
jz loc_1001BAA  +
mov eax [ebp+uMode+1] +
cmp dword ptr [eax+0Ch] 2 +
jnz loc_1001AE6  +
lea eax [ebp+var_284] +
push eax  +
push [ebp+uMode+1]  +
call ds:?DosDriveNameToNtDriveName@IFS_SYSTEM@@SGEPBVWSTRING@@PAV2@@Z  +
test al al +
jz loc_1001BAA  +
lea eax [ebp+var_284] +
push eax  +
lea eax [ebp+var_2A8] +
push eax  +
call ds:?DeleteEntry@AUTOREG@@SGEPBVWSTRING@@0@Z  +
test al al +
jz loc_1001BAA  +
lea eax [ebp+var_2C0] +
push eax  +
lea ecx [ebp+var_26C] +
call ds:?Strcat@WSTRING@@QAEEPBV1@@Z  +
test al al +
jz loc_1001BAA  +
mov ecx [ebp+uMode+1] +
push 1  +
push 0  +
call ds:?QueryString@WSTRING@@QBEPAV1@KK@Z  +
push eax  +
jmp loc_1001B07  +
lea eax [ebp+var_2C0] +
push eax  +
lea ecx [ebp+var_26C] +
call ds:?Strcat@WSTRING@@QAEEPBV1@@Z  +
test al al +
jz loc_1001BAA  +
push [ebp+var_254]  +
lea ecx [ebp+var_26C] +
call ds:?Strcat@WSTRING@@QAEEPBV1@@Z  +
test al al +
jz loc_1001BAA  +
mov eax [edi] +
mov ecx edi +
call dword ptr [eax+10h]  +
test eax eax +
jnz loc_10019F4  +
mov eax [edi] +
push 1  +
mov ecx edi +
call dword ptr [eax]  +
lea ecx [ebp+var_39C] +
call ds:??0DSTRING@@QAE@XZ  +
push 0FFFFFFFFh  +
push offset asc_1001224  +
lea ecx [ebp+var_39C] +
call esi  +
test al al +
jz loc_1001B9A  +
lea eax [ebp+var_39C] +
push eax  +
lea ecx [ebp+var_26C] +
call ds:?Strcat@WSTRING@@QAEEPBV1@@Z  +
test al al +
jz loc_1001B9A  +
lea eax [ebp+var_26C] +
push eax  +
call ds:?AddEntry@AUTOREG@@SGEPBVWSTRING@@@Z  +
mov esi ds:??1DSTRING@@UAE@XZ +
lea ecx [ebp+var_39C] +
mov bl al +
call esi  +
lea ecx [ebp+var_2C0] +
call esi  +
lea ecx [ebp+var_2A8] +
call esi  +
jmp loc_1001529  +
mov esi ds:??1DSTRING@@UAE@XZ +
lea ecx [ebp+var_39C] +
call esi  +
jmp loc_1001BB8  +
mov eax [edi] +
push 1  +
mov ecx edi +
call dword ptr [eax]  +
mov esi ds:??1DSTRING@@UAE@XZ +
lea ecx [ebp+var_2C0] +
call esi  +
lea ecx [ebp+var_2A8] +
call esi  +
xor bl bl +
jmp loc_1001529  +
mov eax [edi] +
mov ecx edi +
call dword ptr [eax+10h]  +
mov esi ds:??1DSTRING@@UAE@XZ +
jmp loc_1001EFC  +
lea ecx [eax+8] +
mov [ebp+var_248] ecx +
lea ecx [eax+38h] +
mov [ebp+uMode+1] ecx +
lea ecx [ebp+var_284] +
push ecx  +
add eax 20h +
push eax  +
call ds:?DosDriveNameToNtDriveName@IFS_SYSTEM@@SGEPBVWSTRING@@PAV2@@Z  +
test al al +
jz loc_1001D6D  +
cmp byte ptr [ebx+8Eh] 0 +
jz loc_1001D7A  +
push 0  +
push 0  +
lea eax [ebp+var_2D8] +
push eax  +
lea eax [ebp+var_284] +
push eax  +
call ds:?QueryFileSystemName@IFS_SYSTEM@@SGEPBVWSTRING@@PAV2@PAJ1@Z  +
test al al +
jz loc_1001F7F  +
push [ebp+var_304]  +
push [ebp+var_2D0]  +
call ds:_wcsicmp  +
pop ecx  +
pop ecx  +
test eax eax +
jz loc_1001CA1  +
push [ebp+var_334]  +
push [ebp+var_2D0]  +
call ds:_wcsicmp  +
pop ecx  +
pop ecx  +
test eax eax +
jz loc_1001CA1  +
push [ebp+var_364]  +
push [ebp+var_2D0]  +
call ds:_wcsicmp  +
pop ecx  +
pop ecx  +
test eax eax +
jz loc_1001CA1  +
push [ebp+var_248]  +
mov eax [ebx] +
push offset aW  +
push 0  +
push 7749h  +
push ebx  +
call dword ptr [eax+8]  +
add esp 14h +
jmp loc_1001EF5  +
push 0FFFFFFFFh  +
push offset aAutocheckAutoc  +
lea ecx [ebp+var_26C] +
call ds:?Initialize@WSTRING@@QAEEPBDK@Z  +
test al al +
jz loc_1001D6D  +
lea eax [ebp+var_284] +
push eax  +
lea eax [ebp+var_26C] +
push eax  +
call ds:?DeleteEntry@AUTOREG@@SGEPBVWSTRING@@0@Z  +
test al al +
jz loc_1001D6D  +
mov eax [ebp+uMode+1] +
cmp dword ptr [eax+0Ch] 2 +
jnz loc_1001D2A  +
lea eax [ebp+var_284] +
push eax  +
push [ebp+uMode+1]  +
call ds:?DosDriveNameToNtDriveName@IFS_SYSTEM@@SGEPBVWSTRING@@PAV2@@Z  +
test al al +
jz loc_1001D6D  +
push 0FFFFFFFFh  +
push offset aAutocheckAutoc  +
lea ecx [ebp+var_26C] +
call ds:?Initialize@WSTRING@@QAEEPBDK@Z  +
test al al +
jz loc_1001D6D  +
lea eax [ebp+var_284] +
push eax  +
lea eax [ebp+var_26C] +
push eax  +
call ds:?DeleteEntry@AUTOREG@@SGEPBVWSTRING@@0@Z  +
test al al +
jz loc_1001D6D  +
push 0FFFFFFFFh  +
push offset aAutocheckAut_2  +
lea ecx [ebp+var_26C] +
call ds:?Initialize@WSTRING@@QAEEPBDK@Z  +
test al al +
jz loc_1001D6D  +
lea eax [ebp+var_284] +
push eax  +
lea ecx [ebp+var_26C] +
call ds:?Strcat@WSTRING@@QAEEPBV1@@Z  +
test al al +
jz loc_1001D6D  +
lea eax [ebp+var_26C] +
push eax  +
call ds:?PushEntry@AUTOREG@@SGEPBVWSTRING@@@Z  +
test al al +
jnz loc_1001EF5  +
mov eax [edi] +
push 1  +
mov ecx edi +
call dword ptr [eax]  +
jmp loc_1001BC8  +
lea eax [ebp+var_354] +
push eax  +
push 0  +
lea eax [ebp+var_2D8] +
push eax  +
lea eax [ebp+var_284] +
push eax  +
call ds:?QueryFileSystemName@IFS_SYSTEM@@SGEPBVWSTRING@@PAV2@PAJ1@Z  +
test al al +
jz loc_1001DB7  +
mov eax [ebx] +
lea ecx [ebp+var_2D8] +
push ecx  +
push offset aW  +
push 0  +
push 0BC7h  +
push ebx  +
call dword ptr [eax+8]  +
add esp 14h +
push 0  +
push 0  +
lea eax [ebp+uMode] +
push eax  +
lea eax [ebp+var_284] +
push eax  +
call ds:?IsVolumeDirty@IFS_SYSTEM@@SGEPAVWSTRING@@PAE1PAJ@Z  +
test al al +
jz loc_1001F7F  +
cmp byte ptr [ebp+uMode] 0 +
jz loc_1001E0A  +
push [ebp+var_248]  +
mov eax [ebx] +
push offset aW  +
push 0  +
push 7740h  +
push ebx  +
call dword ptr [eax+8]  +
add esp 14h +
mov dword ptr [ebx+88h] 1 +
jmp loc_1001EF5  +
lea ecx [ebp+var_2F4] +
call ds:??0DSTRING@@QAE@XZ  +
push 0FFFFFFFFh  +
push offset aAutocheckAutoc  +
lea ecx [ebp+var_26C] +
call ds:?Initialize@WSTRING@@QAEEPBDK@Z  +
test al al +
jz loc_1001F9F  +
push 0FFFFFFFFh  +
push offset dword_1001208  +
lea ecx [ebp+var_2F4] +
call ds:?Initialize@WSTRING@@QAEEPBDK@Z  +
test al al +
jz loc_1001F9F  +
lea eax [ebp+var_284] +
push eax  +
lea ecx [ebp+var_2F4] +
call ds:?Strcat@WSTRING@@QAEEPBV1@@Z  +
test al al +
jz loc_1001F9F  +
lea eax [ebp+var_284] +
push eax  +
lea eax [ebp+var_26C] +
push eax  +
call ds:?IsFrontEndPresent@AUTOREG@@SGEPBVWSTRING@@0@Z  +
test al al +
jz loc_1001E93  +
push [ebp+var_248]  +
push offset aW  +
push 0  +
push 774Bh  +
jmp loc_1001EE4  +
mov eax [ebp+uMode+1] +
cmp dword ptr [eax+0Ch] 2 +
jnz loc_1001ED2  +
lea eax [ebp+var_284] +
push eax  +
push [ebp+uMode+1]  +
call ds:?DosDriveNameToNtDriveName@IFS_SYSTEM@@SGEPBVWSTRING@@PAV2@@Z  +
test al al +
jz loc_1001F9F  +
lea eax [ebp+var_284] +
push eax  +
lea eax [ebp+var_26C] +
push eax  +
call ds:?IsFrontEndPresent@AUTOREG@@SGEPBVWSTRING@@0@Z  +
test al al +
jnz loc_1001E7F  +
push [ebp+var_248]  +
push offset aW  +
push 0  +
push 7741h  +
mov eax [ebx] +
push ebx  +
call dword ptr [eax+8]  +
add esp 14h +
lea ecx [ebp+var_2F4] +
call esi  +
mov eax [edi] +
mov ecx edi +
call dword ptr [eax+10h]  +
test eax eax +
jnz loc_1001BE1  +
mov eax [edi] +
push 1  +
mov ecx edi +
call dword ptr [eax]  +
lea ecx [ebp+var_4DC] +
call ds:??1DP_DRIVE@@UAE@XZ  +
lea ecx [ebp+var_26C] +
call esi  +
lea ecx [ebp+var_354] +
call esi  +
lea ecx [ebp+var_2D8] +
call esi  +
lea ecx [ebp+var_36C] +
call esi  +
lea ecx [ebp+var_33C] +
call esi  +
lea ecx [ebp+var_30C] +
call esi  +
lea ecx [ebp+var_284] +
call esi  +
lea ecx [ebp+var_290] +
call ds:??1MOUNT_POINT_MAP@@UAE@XZ  +
lea ecx [ebp+var_384] +
call esi  +
lea ecx [ebp+var_244] +
call ds:??1PATH@@UAE@XZ  +
lea ecx [ebp+var_324] +
call esi  +
mov al 1 +
jmp loc_1002026  +
push [ebp+var_248]  +
mov eax [ebx] +
push offset aW  +
push 0  +
push 773Fh  +
push ebx  +
call dword ptr [eax+8]  +
add esp 14h +
jmp loc_1001D6D  +
mov eax [edi] +
push 1  +
mov ecx edi +
call dword ptr [eax]  +
lea ecx [ebp+var_2F4] +
jmp loc_1001BC6  +
lea ecx [ebp+var_4DC] +
call ds:??1DP_DRIVE@@UAE@XZ  +
mov esi ds:??1DSTRING@@UAE@XZ +
lea ecx [ebp+var_26C] +
call esi  +
lea ecx [ebp+var_354] +
call esi  +
lea ecx [ebp+var_2D8] +
call esi  +
lea ecx [ebp+var_36C] +
call esi  +
lea ecx [ebp+var_33C] +
call esi  +
lea ecx [ebp+var_30C] +
call esi  +
lea ecx [ebp+var_284] +
call esi  +
lea ecx [ebp+var_290] +
call ds:??1MOUNT_POINT_MAP@@UAE@XZ  +
lea ecx [ebp+var_384] +
call esi  +
lea ecx [ebp+var_244] +
call ds:??1PATH@@UAE@XZ  +
lea ecx [ebp+var_324] +
call esi  +
xor al al +
mov ecx [ebp+var_4] +
pop edi  +
pop esi  +
xor ecx ebp +
pop ebx  +
call sub_10028C0  +
leave   +
retn   +
***
mov edi edi +
push ebp  +
mov ebp esp +
push esi  +
mov esi ecx +
call sub_10013EA  +
test byte ptr [ebp+8] 1 +
jz loc_1002054  +
push esi  +
call sub_1001378  +
pop ecx  +
mov eax esi +
pop esi  +
pop ebp  +
retn 4  +
***
mov edi edi +
push ebp  +
mov ebp esp +
sub esp 2A4h +
push ebx  +
push esi  +
mov esi ecx +
push edi  +
lea ecx [ebp+var_2A4] +
call ds:??0ARGUMENT_LEXEMIZER@@QAE@XZ  +
mov edi ds:??0ARRAY@@QAE@XZ +
lea ecx [ebp+var_30] +
call edi  +
lea ecx [ebp+var_18] +
call edi  +
lea ecx [ebp+var_B8] +
call ds:??0STRING_ARGUMENT@@QAE@XZ  +
mov edi ds:??0FLAG_ARGUMENT@@QAE@XZ +
lea ecx [ebp+var_178] +
call edi  +
lea ecx [ebp+var_118] +
call edi  +
lea ecx [ebp+var_1A8] +
call edi  +
lea ecx [ebp+var_8C] +
call edi  +
lea ecx [ebp+var_148] +
call edi  +
lea ecx [ebp+var_E8] +
call edi  +
lea ecx [ebp+var_5C] +
call ds:??0LONG_ARGUMENT@@QAE@XZ  +
and dword ptr [esi+88h] 0 +
push 1  +
push 7531h  +
push 7530h  +
mov ecx esi +
call ds:?Initialize@PROGRAM@@QAEEKKK@Z  +
mov ebx ds:?Initialize@ARRAY@@QAEEKK@Z +
push 19h  +
push 32h  +
lea ecx [ebp+var_18] +
call ebx  +
test al al +
jz loc_1002329  +
push offset asc_10012C0  +
lea ecx [ebp+var_B8] +
call ds:?Initialize@STRING_ARGUMENT@@QAEEPAD@Z  +
test al al +
jz loc_1002329  +
mov edi ds:?Initialize@FLAG_ARGUMENT@@QAEEPAD@Z +
push offset aD_0  +
lea ecx [ebp+var_178] +
call edi  +
test al al +
jz loc_1002329  +
push offset asc_10012B8  +
lea ecx [ebp+var_118] +
call edi  +
test al al +
jz loc_1002329  +
push offset aC  +
lea ecx [ebp+var_1A8] +
call edi  +
test al al +
jz loc_1002329  +
push offset aT_0  +
lea ecx [ebp+var_E8] +
call edi  +
test al al +
jz loc_1002329  +
push offset aT  +
lea ecx [ebp+var_5C] +
call ds:?Initialize@LONG_ARGUMENT@@QAEEPAD@Z  +
test al al +
jz loc_1002329  +
push offset a?  +
lea ecx [ebp+var_148] +
call edi  +
test al al +
jz loc_1002329  +
push offset asc_10012A0  +
lea ecx [ebp+var_8C] +
call edi  +
test al al +
jz loc_1002329  +
push 1  +
push 0  +
lea ecx [esi+9Ch] +
push offset asc_10012C0  +
call ds:?Initialize@MULTIPLE_PATH_ARGUMENT@@QAEEPADEE@Z  +
test al al +
jz loc_1002329  +
mov edi ds:?Put@ARRAY@@UAEEPAVOBJECT@@@Z +
lea eax [ebp+var_B8] +
push eax  +
lea ecx [ebp+var_18] +
call edi  +
test al al +
jz loc_1002329  +
lea eax [ebp+var_148] +
push eax  +
lea ecx [ebp+var_18] +
call edi  +
test al al +
jz loc_1002329  +
lea eax [ebp+var_178] +
push eax  +
lea ecx [ebp+var_18] +
call edi  +
test al al +
jz loc_1002329  +
lea eax [ebp+var_118] +
push eax  +
lea ecx [ebp+var_18] +
call edi  +
test al al +
jz loc_1002329  +
lea eax [ebp+var_1A8] +
push eax  +
lea ecx [ebp+var_18] +
call edi  +
test al al +
jz loc_1002329  +
lea eax [ebp+var_E8] +
push eax  +
lea ecx [ebp+var_18] +
call edi  +
test al al +
jz loc_1002329  +
lea eax [ebp+var_5C] +
push eax  +
lea ecx [ebp+var_18] +
call edi  +
test al al +
jz loc_1002329  +
lea eax [ebp+var_8C] +
push eax  +
lea ecx [ebp+var_18] +
call edi  +
test al al +
jz loc_1002329  +
lea eax [esi+9Ch] +
push eax  +
lea ecx [ebp+var_18] +
call edi  +
test al al +
jz loc_1002329  +
push 19h  +
push 32h  +
lea ecx [ebp+var_30] +
call ebx  +
test al al +
jz loc_1002329  +
lea eax [ebp+var_30] +
push eax  +
lea ecx [ebp+var_2A4] +
call ds:?Initialize@ARGUMENT_LEXEMIZER@@QAEEPAVARRAY@@@Z  +
test al al +
jz loc_1002329  +
push offset asc_100129C  +
lea ecx [ebp+var_2A4] +
call ds:?PutSwitches@ARGUMENT_LEXEMIZER@@QAEXPBD@Z  +
mov edi ds:?Initialize@WSTRING@@QAEEPBDK@Z +
push 0FFFFFFFFh  +
mov ebx offset asc_1001298 +
push ebx  +
lea ecx [ebp+var_240] +
call edi  +
push 0FFFFFFFFh  +
push ebx  +
lea ecx [ebp+var_210] +
call edi  +
push offset asc_1001294  +
lea ecx [ebp+var_2A4] +
call ds:?PutSeparators@ARGUMENT_LEXEMIZER@@QAEXPBD@Z  +
xor edi edi +
push edi  +
lea ecx [ebp+var_2A4] +
call ds:?SetCaseSensitive@ARGUMENT_LEXEMIZER@@QAEXE@Z  +
push edi  +
lea ecx [ebp+var_2A4] +
call ds:?PrepareToParse@ARGUMENT_LEXEMIZER@@QAEEPAVWSTRING@@@Z  +
test al al +
jnz loc_10023A2  +
push edi  +
push 7738h  +
mov eax [esi] +
mov ecx esi +
call dword ptr [eax+0Ch]  +
lea ecx [ebp+var_5C] +
call sub_1001409  +
lea ecx [ebp+var_E8] +
call sub_1001409  +
lea ecx [ebp+var_148] +
call sub_1001409  +
lea ecx [ebp+var_8C] +
call sub_1001409  +
lea ecx [ebp+var_1A8] +
call sub_1001409  +
lea ecx [ebp+var_118] +
call sub_1001409  +
lea ecx [ebp+var_178] +
call sub_1001409  +
lea ecx [ebp+var_B8] +
call ds:??1STRING_ARGUMENT@@UAE@XZ  +
mov esi ds:??1ARRAY@@UAE@XZ +
lea ecx [ebp+var_18] +
call esi  +
lea ecx [ebp+var_30] +
call esi  +
lea ecx [ebp+var_2A4] +
call ds:??1ARGUMENT_LEXEMIZER@@UAE@XZ  +
xor al al +
pop edi  +
pop esi  +
pop ebx  +
leave   +
retn   +
lea eax [ebp+var_18] +
push eax  +
lea ecx [ebp+var_2A4] +
call ds:?DoParsing@ARGUMENT_LEXEMIZER@@QAEEPAVARRAY@@@Z  +
test al al +
jnz loc_10023E5  +
cmp [ebp+var_60] al +
jz loc_100231C  +
mov ebx [esi] +
lea ecx [ebp+var_8C] +
call ds:?GetLexeme@ARGUMENT@@QAEPAVWSTRING@@XZ  +
push eax  +
push offset aW  +
push edi  +
push 7739h  +
push esi  +
call dword ptr [ebx+8]  +
add esp 14h +
jmp loc_1002329  +
cmp byte ptr [esi+0D5h] 0 +
jz loc_10023F9  +
push edi  +
push 773Ah  +
jmp loc_1002322  +
cmp [ebp+var_60] 0 +
jz loc_100240A  +
push edi  +
push 7739h  +
jmp loc_1002322  +
cmp [ebp+var_11C] 0 +
jz loc_100241E  +
push edi  +
push 773Bh  +
jmp loc_1002322  +
mov al [ebp+var_14C] +
mov ebx ds:?IsValueSet@ARGUMENT@@QAEEXZ +
mov [esi+8Ch] al +
mov al [ebp+var_EC] +
mov [esi+8Dh] al +
mov al [ebp+var_17C] +
lea ecx [ebp+var_E8] +
mov [esi+8Eh] al +
call ebx  +
movzx eax al +
lea ecx [ebp+var_5C] +
mov [esi+94h] eax +
call ebx  +
test al al +
jz loc_1002467  +
mov eax [ebp+var_34] +
jmp loc_100246A  +
or eax 0FFFFFFFFh +
mov [esi+98h] eax +
cmp [esi+94h] edi +
jnz loc_1002481  +
lea ecx [ebp+var_5C] +
call ebx  +
test al al +
jz loc_1002483  +
mov al 1 +
mov cl [esi+8Ch] +
movzx ebx byte ptr [esi+8Dh] +
movzx edx cl +
add edx ebx +
movzx ebx al +
add edx ebx +
movzx ebx byte ptr [esi+8Eh] +
add edx ebx +
cmp edx 1 +
mov [esi+90h] al +
jle loc_10024B9  +
push edi  +
push 773Ch  +
jmp loc_1002322  +
mov edx [esi+0D0h] +
cmp edx edi +
jnz loc_10024D6  +
test cl cl +
jnz loc_10024DE  +
test al al +
jnz loc_10024D6  +
push edi  +
push 773Dh  +
jmp loc_1002322  +
test cl cl +
jnz loc_10024DE  +
test al al +
jz loc_1002522  +
cmp edx edi +
ja loc_100231C  +
test al al +
jz loc_1002522  +
lea ecx [ebp+var_5C] +
call ds:?IsValueSet@ARGUMENT@@QAEEXZ  +
test al al +
jz loc_1002522  +
mov eax 3F480h +
cmp [ebp+var_34] eax +
jg loc_1002506  +
cmp [ebp+var_34] edi +
jge loc_1002522  +
mov ecx [esi] +
push 0Ah  +
push eax  +
push offset aDD  +
push edi  +
push 774Ch  +
push esi  +
call dword ptr [ecx+8]  +
add esp 18h +
jmp loc_1002329  +
lea ecx [ebp+var_5C] +
call sub_1001409  +
lea ecx [ebp+var_E8] +
call sub_1001409  +
lea ecx [ebp+var_148] +
call sub_1001409  +
lea ecx [ebp+var_8C] +
call sub_1001409  +
lea ecx [ebp+var_1A8] +
call sub_1001409  +
lea ecx [ebp+var_118] +
call sub_1001409  +
lea ecx [ebp+var_178] +
call sub_1001409  +
lea ecx [ebp+var_B8] +
call ds:??1STRING_ARGUMENT@@UAE@XZ  +
mov esi ds:??1ARRAY@@UAE@XZ +
lea ecx [ebp+var_18] +
call esi  +
lea ecx [ebp+var_30] +
call esi  +
lea ecx [ebp+var_2A4] +
call ds:??1ARGUMENT_LEXEMIZER@@UAE@XZ  +
mov al 1 +
jmp loc_100239D  +
***
mov edi edi +
push ebp  +
mov ebp esp +
sub esp 0F0h +
push 4  +
call sub_1001355  +
pop ecx  +
test eax eax +
jz loc_10025C1  +
mov ecx eax +
call ds:??0CLASS_DESCRIPTOR@@QAE@XZ  +
jmp loc_10025C3  +
xor eax eax +
mov dword_1004018 eax +
test eax eax +
jz loc_10025D4  +
mov ecx eax +
call ds:?Initialize@CLASS_DESCRIPTOR@@QAEEXZ  +
push 0  +
push 0  +
push 1  +
push 0  +
call ds:HeapSetInformation  +
lea ecx [ebp+var_F0] +
call sub_10013BC  +
lea ecx [ebp+var_F0] +
call sub_1002060  +
test al al +
jz loc_1002614  +
lea ecx [ebp+var_F0] +
call sub_1001425  +
test al al +
jz loc_1002614  +
push [ebp+var_68]  +
call ds:exit  +
push 2  +
jmp loc_100260E  +
***
mov edi edi +
push ebp  +
mov ebp esp +
push esi  +
mov esi [ebp+arg_0] +
xor eax eax +
jmp loc_1002639  +
test eax eax +
jnz loc_100263E  +
mov ecx [esi] +
test ecx ecx +
jz loc_1002636  +
call ecx  +
add esi 4 +
cmp esi [ebp+arg_4] +
jb loc_100262A  +
pop esi  +
pop ebp  +
retn   +
***
mov eax dword_1004040 +
push offset dword_1004030  +
push dword_100403C  +
mov dword_1004030 eax +
push offset dword_1004020  +
push offset dword_1004024  +
push offset dword_100401C  +
call ds:__getmainargs  +
add esp 14h +
mov dword_100402C eax +
retn   +
***
call __SEH_prolog4  +
xor ebx ebx +
mov [ebp+ms_exc.disabled] ebx +
mov eax large fs:18h +
mov esi [eax+4] +
mov [ebp+var_1C] ebx +
mov edi offset Destination +
push ebx  +
push esi  +
push edi  +
call ds:InterlockedCompareExchange  +
cmp eax ebx +
jz loc_10026C6  +
cmp eax esi +
jnz loc_10026B9  +
xor esi esi +
inc esi  +
mov [ebp+var_1C] esi +
jmp loc_10026C9  +
push 3E8h  +
call ds:Sleep  +
jmp loc_10026A0  +
xor esi esi +
inc esi  +
mov eax dword_1004374 +
cmp eax esi +
jnz loc_10026DC  +
push 1Fh  +
call _amsg_exit  +
pop ecx  +
jmp loc_1002717  +
mov eax dword_1004374 +
test eax eax +
jnz loc_1002711  +
mov dword_1004374 esi +
push offset dword_10011B8  +
push offset dword_10011AC  +
call sub_100261D  +
pop ecx  +
pop ecx  +
test eax eax +
jz loc_1002717  +
mov [ebp+ms_exc.disabled] 0FFFFFFFEh +
mov eax 0FFh +
jmp loc_10027E1  +
mov dword_1004038 esi +
mov eax dword_1004374 +
cmp eax esi +
jnz loc_100273B  +
push offset dword_10011A8  +
push offset dword_10011A0  +
call _initterm  +
pop ecx  +
pop ecx  +
mov dword_1004374 2 +
cmp [ebp+var_1C] ebx +
jnz loc_1002748  +
push ebx  +
push edi  +
call ds:InterlockedExchange  +
cmp dword_100437C ebx +
jz loc_1002769  +
push offset dword_100437C  +
call sub_10029C9  +
pop ecx  +
test eax eax +
jz loc_1002769  +
push ebx  +
push 2  +
push ebx  +
call dword_100437C  +
push dword_1004020  +
push dword_1004024  +
push dword_100401C  +
call sub_10025A0  +
add esp 0Ch +
mov dword_1004034 eax +
cmp dword_1004028 ebx +
jnz loc_10027C7  +
push eax  +
call ds:exit  +
mov eax [ebp-14h] +
mov ecx [eax] +
mov ecx [ecx] +
mov [ebp-20h] ecx +
push eax  +
push ecx  +
call _XcptFilter  +
pop ecx  +
pop ecx  +
retn   +
mov esp [ebp-18h] +
mov eax [ebp-20h] +
mov dword_1004034 eax +
xor ebx ebx +
cmp dword_1004028 ebx +
jnz loc_10027C7  +
push eax  +
call ds:_exit  +
cmp dword_1004038 ebx +
jnz loc_10027D5  +
call ds:_cexit  +
mov [ebp+ms_exc.disabled] 0FFFFFFFEh +
mov eax dword_1004034 +
call __SEH_epilog4  +
retn   +
***
mov eax 5A4Dh +
cmp ds:1000000h ax +
jz loc_10027FE  +
xor eax eax +
jmp loc_100284B  +
mov eax ds:100003Ch +
lea eax [eax+1000000h] +
cmp dword ptr [eax] 4550h +
jnz loc_10027FA  +
movzx ecx word ptr [eax+18h] +
cmp ecx 10Bh +
jz loc_1002838  +
cmp ecx 20Bh +
jnz loc_10027FA  +
cmp dword ptr [eax+84h] 0Eh +
jbe loc_10027FA  +
xor ecx ecx +
cmp [eax+0F8h] ecx +
jmp loc_1002846  +
cmp dword ptr [eax+74h] 0Eh +
jbe loc_10027FA  +
xor ecx ecx +
cmp [eax+0E8h] ecx +
setnz cl  +
mov eax ecx +
push 1  +
mov dword_1004028 eax +
call sub_1002B62  +
push eax  +
call ds:__set_app_type  +
or dword_100436C 0FFFFFFFFh +
or dword_1004370 0FFFFFFFFh +
pop ecx  +
pop ecx  +
call ds:__p__fmode  +
mov ecx dword_1004048 +
mov [eax] ecx +
call ds:__p__commode  +
mov ecx dword_1004044 +
mov [eax] ecx +
call sub_1002AF4  +
cmp dword_1004010 0 +
jnz loc_10028A4  +
push offset sub_1002AF4  +
call ds:__setusermatherr  +
pop ecx  +
call sub_1002ADC  +
xor eax eax +
retn   +
***
call sub_1002BA1  +
jmp sub_100267E  +
***
cmp ecx dword_1004000 +
jnz loc_10028CB  +
retn 0  +
jmp loc_1002C37  +
***
push ebp  +
mov ebp esp +
mov eax [ebp+8] +
mov eax [eax] +
cmp dword ptr [eax] 0E06D7363h +
jnz loc_1002912  +
cmp dword ptr [eax+10h] 3 +
jnz loc_1002912  +
mov eax [eax+14h] +
cmp eax 19930520h +
jz loc_100290C  +
cmp eax 19930521h +
jz loc_100290C  +
cmp eax 19930522h +
jz loc_100290C  +
cmp eax 1994000h +
jnz loc_1002912  +
call ds:?terminate@@YAXXZ  +
xor eax eax +
pop ebp  +
retn 4  +
***
push (offset byte_10028D4+1)  +
call ds:SetUnhandledExceptionFilter  +
xor eax eax +
retn   +
***
mov edi edi +
push ebp  +
mov ebp esp +
mov ecx [ebp+arg_0] +
mov eax 5A4Dh +
cmp [ecx] ax +
jz loc_1002956  +
xor eax eax +
pop ebp  +
retn   +
mov eax [ecx+3Ch] +
add eax ecx +
cmp dword ptr [eax] 4550h +
jnz loc_1002952  +
xor edx edx +
mov ecx 10Bh +
cmp [eax+18h] cx +
setz dl  +
mov eax edx +
pop ebp  +
retn   +
***
mov edi edi +
push ebp  +
mov ebp esp +
mov eax [ebp+arg_0] +
mov ecx [eax+3Ch] +
add ecx eax +
movzx eax word ptr [ecx+14h] +
push ebx  +
push esi  +
movzx esi word ptr [ecx+6] +
xor edx edx +
push edi  +
lea eax [eax+ecx+18h] +
test esi esi +
jbe loc_10029BD  +
mov edi [ebp+arg_4] +
mov ecx [eax+0Ch] +
cmp edi ecx +
jb loc_10029B5  +
mov ebx [eax+8] +
add ebx ecx +
cmp edi ebx +
jb loc_10029BF  +
inc edx  +
add eax 28h +
cmp edx esi +
jb loc_10029A5  +
xor eax eax +
pop edi  +
pop esi  +
pop ebx  +
pop ebp  +
retn   +
***
call __SEH_prolog4  +
and [ebp+ms_exc.disabled] 0 +
mov esi 1000000h +
push esi  +
call sub_1002940  +
pop ecx  +
test eax eax +
jz loc_1002A26  +
mov eax [ebp+arg_0] +
sub eax esi +
push eax  +
push esi  +
call sub_1002980  +
pop ecx  +
pop ecx  +
test eax eax +
jz loc_1002A26  +
mov eax [eax+24h] +
shr eax 1Fh +
not eax  +
and eax 1 +
mov [ebp+ms_exc.disabled] 0FFFFFFFEh +
jmp loc_1002A2F  +
mov eax [ebp-14h] +
mov eax [eax] +
mov eax [eax] +
xor ecx ecx +
cmp eax 0C0000005h +
setz cl  +
mov eax ecx +
retn   +
mov esp [ebp-18h] +
mov [ebp+ms_exc.disabled] 0FFFFFFFEh +
xor eax eax +
call __SEH_epilog4  +
retn   +
***
mov eax [esp+8+arg_4] +
mov ecx [ebp-10h] +
mov large fs:0 ecx +
pop ecx  +
pop edi  +
pop edi  +
pop esi  +
pop ebx  +
mov esp ebp +
pop ebp  +
push ecx  +
retn   +
***
mov edi edi +
push ebp  +
mov ebp esp +
push dword ptr [ebp+14h]  +
push dword ptr [ebp+10h]  +
push dword ptr [ebp+0Ch]  +
push dword ptr [ebp+8]  +
push offset sub_10028C0  +
push offset dword_1004000  +
call _except_handler4_common  +
add esp 18h +
pop ebp  +
retn   +
***
call ds:_controlfp  +
pop ecx  +
pop ecx  +
retn   +
***
retn   +
***
call __SEH_prolog4  +
xor eax eax +
mov ecx [ebp+arg_0] +
test ecx ecx +
jz loc_1002B55  +
cmp ecx 0FFFFFFFFh +
jz loc_1002B55  +
and [ebp+ms_exc.disabled] eax +
mov edx 5A4Dh +
cmp [ecx] dx +
jnz loc_1002B4E  +
mov edx [ecx+3Ch] +
test edx edx +
jl loc_1002B4E  +
cmp edx 10000000h +
jnb loc_1002B4E  +
lea eax [edx+ecx] +
mov [ebp+var_1C] eax +
cmp dword ptr [eax] 4550h +
jz loc_1002B4E  +
jmp loc_1002B49  +
xor eax eax +
inc eax  +
retn   +
mov esp [ebp-18h] +
xor eax eax +
mov [ebp+var_1C] eax +
mov [ebp+ms_exc.disabled] 0FFFFFFFEh +
call __SEH_epilog4  +
retn 4  +
***
mov edi edi +
push ebp  +
mov ebp esp +
push 0  +
call ds:GetModuleHandleA  +
test eax eax +
jz loc_1002B97  +
push eax  +
call sub_1002AFC  +
test eax eax +
jz loc_1002B97  +
movzx eax word ptr [eax+5Ch] +
cmp ax 2 +
jnz loc_1002B8C  +
push 2  +
pop eax  +
pop ebp  +
retn   +
cmp ax 3 +
jnz loc_1002B97  +
xor eax eax +
inc eax  +
pop ebp  +
retn   +
mov eax [ebp+arg_0] +
pop ebp  +
retn   +
***
mov edi edi +
push ebp  +
mov ebp esp +
sub esp 10h +
mov eax dword_1004000 +
and [ebp+SystemTimeAsFileTime.dwLowDateTime] 0 +
and [ebp+SystemTimeAsFileTime.dwHighDateTime] 0 +
push ebx  +
push edi  +
mov edi 0BB40E64Eh +
mov ebx 0FFFF0000h +
cmp eax edi +
jz loc_1002BD3  +
test eax ebx +
jz loc_1002BD3  +
not eax  +
mov dword_1004004 eax +
jmp loc_1002C2E  +
push esi  +
lea eax [ebp+SystemTimeAsFileTime] +
push eax  +
call ds:GetSystemTimeAsFileTime  +
mov esi [ebp+SystemTimeAsFileTime.dwHighDateTime] +
xor esi [ebp+SystemTimeAsFileTime.dwLowDateTime] +
call ds:GetCurrentProcessId  +
xor esi eax +
call ds:GetCurrentThreadId  +
xor esi eax +
call ds:GetTickCount  +
xor esi eax +
lea eax [ebp+PerformanceCount] +
push eax  +
call ds:QueryPerformanceCounter  +
mov eax dword ptr [ebp+PerformanceCount+4] +
xor eax dword ptr [ebp+PerformanceCount] +
xor esi eax +
cmp esi edi +
jz loc_1002C1A  +
test dword_1004000 ebx +
jnz loc_1002C1F  +
mov esi 0BB40E64Fh +
mov dword_1004000 esi +
not esi  +
mov dword_1004004 esi +
pop esi  +
pop edi  +
pop ebx  +
leave   +
retn   +
***
mov edi edi +
push ebp  +
mov ebp esp +
sub esp 328h +
mov dword_1004150 eax +
mov dword_100414C ecx +
mov dword_1004148 edx +
mov dword_1004144 ebx +
mov dword_1004140 esi +
mov dword_100413C edi +
mov word_1004168 ss +
mov word_100415C cs +
mov word_1004138 ds +
mov word_1004134 es +
mov word_1004130 fs +
mov word_100412C gs +
pushf   +
pop dword_1004160  +
mov eax [ebp+0] +
mov dword_1004154 eax +
mov eax [ebp+4] +
mov dword_1004158 eax +
lea eax [ebp+8] +
mov dword_1004164 eax +
mov eax [ebp-320h] +
mov dword_10040A0 10001h +
mov eax dword_1004158 +
mov dword_100405C eax +
mov dword_1004050 0C0000409h +
mov dword_1004054 1 +
mov eax dword_1004000 +
mov [ebp-328h] eax +
mov eax dword_1004004 +
mov [ebp-324h] eax +
push 0  +
call ds:SetUnhandledExceptionFilter  +
push offset ExceptionInfo  +
call ds:UnhandledExceptionFilter  +
push 0C0000409h  +
call ds:GetCurrentProcess  +
push eax  +
call ds:TerminateProcess  +
leave   +
retn   +
***
jmp ds:?Compare@OBJECT@@UBEJPBV1@@Z  +
***
jmp ds:?DisplayMessage@PROGRAM@@UBAEKW4MESSAGE_TYPE@@PADZZ  +
***
jmp ds:?DisplayMessage@PROGRAM@@UBEEKW4MESSAGE_TYPE@@@Z  +
***
jmp ds:?Fatal@PROGRAM@@UBAXKKPADZZ  +
***
jmp ds:?Fatal@PROGRAM@@UBEXXZ  +
***
jmp ds:?GetStandardInput@PROGRAM@@UAEPAVSTREAM@@XZ  +
***
jmp ds:?GetStandardOutput@PROGRAM@@UAEPAVSTREAM@@XZ  +
***
jmp ds:?GetStandardError@PROGRAM@@UAEPAVSTREAM@@XZ  +
***
jmp ds:?Usage@PROGRAM@@UBEXXZ  +
***
jmp ds:?ValidateVersion@PROGRAM@@UBEXKK@Z  +
***
