cmp edx eax +
jb near ptr loc_4D8338+4  +
mov bh 4Eh +
xlat   +
inc ebp  +
fistp  qword ptr [ebx] +
and esi [ebx-36h] +
rcl byte ptr [eax] 0C3h +
sbb eax 0AA130774h +
lods   +
pop es  +
mov ebx ebp +
jg loc_4D8395  +
sti   +
mov edx 0C8360192h +
or eax 30h +
mov [edi] al +
not edi  +
in eax dx +
loopne loc_4D8328  +
stc   +
fcmovu st st(7) +
inc dword ptr [edx+1Ch]  +
aas   +
wbinvd   +
shr dword ptr [edi] 0B9h +
or al 0BBh +
mov ds:374C9244h al +
sbb eax [edi] +
pop es  +
enter 0E5h 1Ah +
add ebx [ecx] +
jb loc_4D83FC  +
inc eax  +
add cs:[eax] ebx +
add [ebx] dl +
dec eax  +
in eax 0 +
call near ptr 526402E8h  +
cdq   +
inc eax  +
sub bh [edi] +
adc eax 0D9E1B1Fh +
pop ebx  +
xor [ecx] edx +
inc edi  +
add [edi-51h] ebx +
cli   +
mov dword ptr [eax] 0DA8BF1E3h +
dec edx  +
inc esi  +
xor ebp [ebx+ecx*4-5D39FC3Dh] +
loop loc_4D8455  +
pop es  +
pop ss  +
sub [edx+7DB1C086h] cl +
jbe loc_4D8395  +
mov dh 0AAh +
mov dh 8 +
inc eax  +
inc edx  +
daa   +
ins  dx +
xor al 0A1h +
ins  dx +
fbstp  tbyte ptr [esi-0Fh] +
mov [edx] esp +
push ss  +
push esp  +
inc esp  +
in al dx +
rcr dword ptr [ebx] cl +
xor edx [eax-0E8EEE20h] +
push ebp  +
mov ebp esp +
push ebx  +
test al 0FAh +
sal byte ptr [esi+68h] 1 +
mov bl bl +
mov dh [edi] +
loopne loc_4D849F  +
arpl [ebx-1BADADABh] cx +
push edx  +
cmp edx ecx +
ja loc_4D8413  +
mov edi 5DDF806Dh +
or [ebx+eax] al +
push ebx  +
push cs  +
push ds  +
jnb loc_4D845A  +
xor ecx ecx +
mov [edi+4AF7F1BFh] esi +
push 1Ch  +
adc al [ebx+2152E4C2h] +
mov eax [ebp+18h] +
js near ptr loc_4D8446+4  +
add al 0FEh +
jnp loc_4D83EB  +
fbstp  tbyte ptr [edx+1Eh] +
adc [ecx+759EF478h] al +
adc dl [esi] +
test byte ptr [eax-8] 0F6h +
jz near ptr loc_4D8472+6  +
hlt   +
pop ss  +
dec eax  +
adc [edx+7EBC0E8h] edx +
mov al 1 +
pop ebx  +
pop ebp  +
mov ebp 0DA29DFE3h +
or bh dh +
push esi  +
push edi  +
mov edi edx +
dec edx  +
cmp edi 6C1B03E8h +
mov byte ptr [ebx+50657D64h] 0D6h +
shr byte ptr [eax+1D59B83Dh] 32h +
lods   +
inc edx  +
mov esi 3FD02552h +
fcom  st(7) +
push ebp  +
mov ebp esp +
dec esi  +
push edi  +
and ebx [eax] +
sbb [edi] edx +
test eax 954C5EFFh +
add al 0C2h +
daa   +
mov al 15h +
pop ds  +
sbb [eax] ah +
push cs  +
push ss  +
***
pop eax  +
icebp   +
inc edx  +
or [ecx] ecx +
rol dl 82h +
or edi ds:0C379C70Bh +
sbb dl dl +
xchg eax edi +
in al dx +
sbb eax 7859F0Bh +
scas   +
xchg eax ebx +
and cl dl +
and al 0A7h +
mov al ds:10F379BCh +
sub al 43h +
pop edi  +
setalc   +
mov gs [ebp+78D33D82h] +
adc [eax+28h] al +
inc esp  +
cmp bl [ebx-663FE770h] +
and al 3 +
mov ds:93B2BB83h al +
pop esi  +
sbb eax 0CF03C86Ah +
jns loc_4F612D  +
pop eax  +
js loc_4F60D9  +
push ds  +
cwde   +
cld   +
push esi  +
movs   +
pusha   +
dec edx  +
sbb dh [ecx+4075D14h] +
aas   +
and eax 0C570135h +
cdq   +
in al 40h +
sub cl [ecx+1608C47Eh] +
mov dh 20h +
jz loc_4F609E  +
popa   +
jmp loc_4F608C  +
***
or [eax+24390B07h] esp +
cdq   +
int 3  +
dec ecx  +
or edi [ecx] +
adc [eax+8AC19F0h] ebx +
pop esp  +
and [edi+8170982h] ebp +
mov eax 84F11E0Ah +
cmp dword ptr [eax+38h] 0FFFFFFD4h +
retn   +
***
dec ebx  +
mov ebx 0E0FF8D48h +
retn   +
***
pusha   +
mov esi offset dword_4D7000 +
lea edi [esi-0D6000h] +
mov dword ptr [edi+0F69F4h] 0AD5508C1h +
push edi  +
or ebp 0FFFFFFFFh +
jmp loc_5397CA  +
mov al [esi] +
inc esi  +
mov [edi] al +
inc edi  +
add ebx ebx +
jnz loc_5397D1  +
mov ebx [esi] +
sub esi 0FFFFFFFCh +
adc ebx ebx +
jb loc_5397C0  +
mov eax 1 +
add ebx ebx +
jnz loc_5397E3  +
mov ebx [esi] +
sub esi 0FFFFFFFCh +
adc ebx ebx +
adc eax eax +
add ebx ebx +
jnb loc_5397F4  +
jnz loc_539813  +
mov ebx [esi] +
sub esi 0FFFFFFFCh +
adc ebx ebx +
jb loc_539813  +
dec eax  +
add ebx ebx +
jnz loc_539800  +
mov ebx [esi] +
sub esi 0FFFFFFFCh +
adc ebx ebx +
adc eax eax +
jmp loc_5397D8  +
add ebx ebx +
jnz loc_53980F  +
mov ebx [esi] +
sub esi 0FFFFFFFCh +
adc ebx ebx +
adc ecx ecx +
jmp loc_539865  +
xor ecx ecx +
sub eax 3 +
jb loc_53982B  +
shl eax 8 +
mov al [esi] +
inc esi  +
xor eax 0FFFFFFFFh +
jz loc_53989A  +
sar eax 1 +
mov ebp eax +
jmp loc_539836  +
add ebx ebx +
jnz loc_539836  +
mov ebx [esi] +
sub esi 0FFFFFFFCh +
adc ebx ebx +
jb loc_539804  +
inc ecx  +
add ebx ebx +
jnz loc_539844  +
mov ebx [esi] +
sub esi 0FFFFFFFCh +
adc ebx ebx +
jb loc_539804  +
add ebx ebx +
jnz loc_539851  +
mov ebx [esi] +
sub esi 0FFFFFFFCh +
adc ebx ebx +
adc ecx ecx +
add ebx ebx +
jnb loc_539846  +
jnz loc_539862  +
mov ebx [esi] +
sub esi 0FFFFFFFCh +
adc ebx ebx +
jnb loc_539846  +
add ecx 2 +
cmp ebp 0FFFFFB00h +
adc ecx 2 +
lea edx [edi+ebp] +
cmp ebp 0FFFFFFFCh +
jbe loc_539884  +
mov al [edx] +
inc edx  +
mov [edi] al +
inc edi  +
dec ecx  +
jnz loc_539876  +
jmp loc_5397C6  +
mov eax [edx] +
add edx 4 +
mov [edi] eax +
add edi 4 +
sub ecx 4 +
ja loc_539884  +
add edi ecx +
jmp loc_5397C6  +
pop esi  +
mov edi esi +
mov ecx 57B8h +
mov al [edi] +
inc edi  +
sub al 0E8h +
cmp al 1 +
ja loc_5398A2  +
cmp byte ptr [edi] 21h +
jnz loc_5398A2  +
mov eax [edi] +
mov bl [edi+4] +
shr ax 8 +
rol eax 10h +
xchg al ah +
sub eax edi +
sub bl 0E8h +
add eax esi +
mov [edi] eax +
add edi 5 +
mov al bl +
loop loc_5398A7  +
lea edi [esi+135000h] +
mov eax [edi] +
or eax eax +
jz loc_539916  +
mov ebx [edi+4] +
lea eax [eax+esi+13E614h] +
add ebx esi +
push eax  +
add edi 8 +
call dword ptr [esi+13E704h]  +
xchg eax ebp +
mov al [edi] +
inc edi  +
or al al +
jz loc_5398D4  +
mov ecx edi +
push edi  +
dec eax  +
scas   +
push ebp  +
call dword ptr [esi+13E708h]  +
or eax eax +
jz loc_539910  +
mov [ebx] eax +
add ebx 4 +
jmp loc_5398F1  +
call dword ptr [esi+13E718h]  +
mov ebp [esi+13E70Ch] +
lea edi [esi-1000h] +
mov ebx 1000h +
push eax  +
push esp  +
push 4  +
push ebx  +
push edi  +
call ebp  +
lea eax [edi+21Fh] +
and byte ptr [eax] 7Fh +
and byte ptr [eax+28h] 7Fh +
pop eax  +
push eax  +
push esp  +
push eax  +
push ebx  +
push edi  +
call ebp  +
pop eax  +
popa   +
lea eax [esp-80h] +
push 0  +
cmp esp eax +
jnz loc_53994A  +
sub esp 0FFFFFF80h +
jmp loc_4F6090  +
***
