mov edi edi +
push ebp  +
mov ebp esp +
cmp [ebp+arg_0] 0 +
jz loc_1001287  +
push [ebp+arg_0]  +
mov eax large fs:18h +
mov eax [eax+30h] +
push 0  +
push dword ptr [eax+18h]  +
call ds:RtlFreeHeap  +
pop ebp  +
retn   +
***
mov edi edi +
push ebp  +
mov ebp esp +
push ebx  +
push esi  +
mov esi [ebp+arg_0] +
mov eax [esi] +
push edi  +
push 3  +
push 0  +
push 1770h  +
mov ecx esi +
call dword ptr [eax+0Ch]  +
mov edi ds:?Display@MESSAGE@@QAAEPBDZZ +
mov ebx offset dword_100119C +
push ebx  +
push esi  +
call edi  +
mov eax [esi] +
pop ecx  +
pop ecx  +
push 3  +
push 0  +
push 1771h  +
mov ecx esi +
call dword ptr [eax+0Ch]  +
push ebx  +
push esi  +
call edi  +
pop ecx  +
pop ecx  +
pop edi  +
pop esi  +
pop ebx  +
pop ebp  +
retn 4  +
***
mov edi edi +
push ebp  +
mov ebp esp +
sub esp 40h +
lea ecx [ebp+var_40] +
call ds:??0DSTRING@@QAE@XZ  +
lea eax [ebp+var_40] +
push eax  +
push [ebp+arg_0]  +
call ds:?DosDriveNameToNtDriveName@IFS_SYSTEM@@SGEPBVWSTRING@@PAV2@@Z  +
lea ecx [ebp+var_40] +
test al al +
jnz loc_1001316  +
mov eax [ebp+arg_8] +
mov dword ptr [eax] 0C0000017h +
call ds:??1DSTRING@@UAE@XZ  +
xor al al +
leave   +
retn 0Ch  +
push ebx  +
push 1  +
xor ebx ebx +
push ebx  +
push ebx  +
push 0FFFFFFFFh  +
push ebx  +
call ds:?QueryWSTR@WSTRING@@QBEPAGKKPAGKE@Z  +
mov [ebp+var_4] eax +
cmp eax ebx +
jnz loc_1001344  +
mov eax [ebp+arg_8] +
mov dword ptr [eax] 0C0000017h +
lea ecx [ebp+var_40] +
call ds:??1DSTRING@@UAE@XZ  +
mov al bl +
pop ebx  +
jmp locret_1001312  +
mov eax [ebp+var_34] +
add eax eax +
mov word ptr [ebp+var_8] ax +
mov word ptr [ebp+var_8+2] ax +
push 12h  +
lea eax [ebp+var_8] +
push 3  +
mov [ebp+var_20] eax +
lea eax [ebp+var_10] +
push eax  +
lea eax [ebp+var_28] +
push eax  +
push 100003h  +
push [ebp+arg_4]  +
mov [ebp+var_28] 18h +
mov [ebp+var_24] ebx +
mov [ebp+var_1C] 40h +
mov [ebp+var_18] ebx +
mov [ebp+var_14] ebx +
call ds:NtOpenFile  +
mov ecx [ebp+arg_8] +
cmp eax ebx +
mov [ecx] eax +
setnl bl  +
jmp loc_1001336  +
***
mov edi edi +
push ebp  +
mov ebp esp +
sub esp 58h +
push esi  +
mov esi ds:??0DSTRING@@QAE@XZ +
lea ecx [ebp+var_28] +
call esi  +
lea ecx [ebp+var_58] +
call esi  +
lea eax [ebp+var_28] +
push eax  +
push [ebp+arg_0]  +
call ds:?DosDriveNameToNtDriveName@IFS_SYSTEM@@SGEPBVWSTRING@@PAV2@@Z  +
test al al +
jz loc_1001468  +
push 0FFFFFFFFh  +
push offset dword_10011A0  +
lea ecx [ebp+var_58] +
call ds:?Initialize@WSTRING@@QAEEPBDK@Z  +
test al al +
jz loc_1001468  +
lea eax [ebp+var_58] +
push eax  +
lea ecx [ebp+var_28] +
call ds:?Strcat@WSTRING@@QAEEPBV1@@Z  +
test al al +
jz loc_1001468  +
push 1  +
xor esi esi +
push esi  +
push esi  +
push 0FFFFFFFFh  +
push esi  +
lea ecx [ebp+var_28] +
call ds:?QueryWSTR@WSTRING@@QBEPAGKKPAGKE@Z  +
mov [ebp+var_4] eax +
cmp eax esi +
jz loc_1001468  +
mov eax [ebp+var_1C] +
add eax eax +
push ebx  +
mov word ptr [ebp+var_8] ax +
mov word ptr [ebp+var_8+2] ax +
push 10h  +
lea eax [ebp+var_8] +
push 3  +
mov [ebp+var_38] eax +
lea eax [ebp+var_10] +
push eax  +
lea eax [ebp+var_40] +
push eax  +
push 100001h  +
push [ebp+arg_4]  +
mov [ebp+var_40] 18h +
mov [ebp+var_3C] esi +
mov [ebp+var_34] 40h +
mov [ebp+var_30] esi +
mov [ebp+var_2C] esi +
call ds:NtOpenFile  +
mov esi ds:??1DSTRING@@UAE@XZ +
test eax eax +
lea ecx [ebp+var_58] +
setnl bl  +
call esi  +
lea ecx [ebp+var_28] +
call esi  +
mov al bl +
pop ebx  +
jmp loc_100147A  +
mov esi ds:??1DSTRING@@UAE@XZ +
lea ecx [ebp+var_58] +
call esi  +
lea ecx [ebp+var_28] +
call esi  +
xor al al +
pop esi  +
leave   +
retn 8  +
***
mov edi edi +
push ebp  +
mov ebp esp +
sub esp 504h +
mov eax dword_1004000 +
xor eax ebp +
mov [ebp+var_4] eax +
mov eax [ebp+arg_0] +
push ebx  +
mov ebx [ebp+arg_8] +
mov [ebp+var_58] eax +
mov eax [ebp+arg_4] +
push esi  +
mov esi [ebp+arg_10] +
mov [ebp+var_5C] eax +
mov eax [ebp+arg_C] +
push edi  +
mov edi ds:??0DSTRING@@QAE@XZ +
lea ecx [ebp+var_DC] +
mov [ebp+var_64] eax +
call edi  +
lea ecx [ebp+var_7C] +
call edi  +
lea ecx [ebp+var_C4] +
call edi  +
lea ecx [ebp+var_AC] +
call edi  +
lea ecx [ebp+var_94] +
call edi  +
lea eax [ebp+var_60] +
push eax  +
push [ebp+var_5C]  +
call sub_1001399  +
test al al +
jnz loc_100154B  +
mov eax [esi] +
push 3  +
push 0  +
push 7F4h  +
mov ecx esi +
call dword ptr [eax+0Ch]  +
push offset dword_100119C  +
push esi  +
call ds:?Display@MESSAGE@@QAAEPBDZZ  +
pop ecx  +
pop ecx  +
mov esi ds:??1DSTRING@@UAE@XZ +
lea ecx [ebp+var_94] +
call esi  +
lea ecx [ebp+var_AC] +
call esi  +
lea ecx [ebp+var_C4] +
call esi  +
lea ecx [ebp+var_7C] +
call esi  +
lea ecx [ebp+var_DC] +
call esi  +
xor al al +
mov ecx [ebp+var_4] +
pop edi  +
pop esi  +
xor ecx ebp +
pop ebx  +
call sub_10024FA  +
leave   +
retn 14h  +
push 1  +
push 418h  +
lea eax [ebp+var_504] +
push eax  +
lea eax [ebp+var_E4] +
push eax  +
push [ebp+var_60]  +
call ds:NtQueryVolumeInformationFile  +
push [ebp+var_60]  +
test eax eax +
jge loc_1001578  +
call ds:NtClose  +
jmp loc_100150D  +
call ds:NtClose  +
mov eax [ebp+var_4F8] +
shr eax 1 +
xor ecx ecx +
mov word ptr [ebp+eax*2+var_4F2] cx +
push 0FFFFFFFFh  +
lea eax [ebp+var_4F2] +
push eax  +
lea ecx [ebp+var_DC] +
call ds:?Initialize@WSTRING@@QAEEPBGK@Z  +
test al al +
jnz loc_10015DD  +
xor bl bl +
mov esi ds:??1DSTRING@@UAE@XZ +
lea ecx [ebp+var_94] +
call esi  +
lea ecx [ebp+var_AC] +
call esi  +
lea ecx [ebp+var_C4] +
call esi  +
lea ecx [ebp+var_7C] +
call esi  +
lea ecx [ebp+var_DC] +
call esi  +
mov al bl +
jmp loc_100153A  +
mov edx [esi] +
xor eax eax +
push 3  +
mov ecx esi +
push eax  +
cmp [ebp+var_4F8] eax +
jz loc_1001616  +
push 1773h  +
call dword ptr [edx+0Ch]  +
mov edi ds:?Display@MESSAGE@@QAAEPBDZZ +
lea eax [ebp+var_DC] +
push eax  +
push [ebp+var_58]  +
push offset aWW  +
push esi  +
call edi  +
add esp 10h +
mov byte ptr [ebx] 1 +
jmp loc_1001635  +
push 1772h  +
call dword ptr [edx+0Ch]  +
push [ebp+var_58]  +
mov edi ds:?Display@MESSAGE@@QAAEPBDZZ +
push offset aW  +
push esi  +
call edi  +
add esp 0Ch +
mov byte ptr [ebx] 0 +
xor ebx ebx +
cmp [ebp+var_4FA] bx +
jnz loc_1001649  +
cmp [ebp+var_4FC] bx +
jz loc_1001673  +
mov eax [esi] +
push 3  +
push ebx  +
push 0BBBh  +
mov ecx esi +
call dword ptr [eax+0Ch]  +
movzx eax [ebp+var_4FC] +
push eax  +
movzx eax [ebp+var_4FA] +
push eax  +
push offset a04x04x  +
push esi  +
call edi  +
add esp 10h +
push 0FFFFFFFFh  +
push offset dword_10011A0  +
lea ecx [ebp+var_C4] +
mov [ebp+var_58] 0BBCh +
call ds:?Initialize@WSTRING@@QAEEPBDK@Z  +
test al al +
jz loc_1001746  +
push 0FFFFFFFFh  +
push ebx  +
push [ebp+var_5C]  +
lea ecx [ebp+var_7C] +
call ds:?Initialize@WSTRING@@QAEEPBV1@KK@Z  +
test al al +
jz loc_1001746  +
lea eax [ebp+var_C4] +
push eax  +
lea ecx [ebp+var_7C] +
call ds:?Strcat@WSTRING@@QAEEPBV1@@Z  +
test al al +
jz loc_1001746  +
push 0FFFFFFFFh  +
push offset aNtfs  +
lea ecx [ebp+var_94] +
call ds:?Initialize@WSTRING@@QAEEPBDK@Z  +
test al al +
jz loc_1001746  +
push 1  +
push ebx  +
push ebx  +
push 0FFFFFFFFh  +
push ebx  +
lea ecx [ebp+var_7C] +
call ds:?QueryWSTR@WSTRING@@QBEPAGKKPAGKE@Z  +
mov [ebp+var_5C] eax +
cmp eax ebx +
jz loc_1001746  +
push 28h  +
lea ecx [ebp+FileSystemNameBuffer] +
push ecx  +
push ebx  +
push ebx  +
push ebx  +
push ebx  +
push ebx  +
push eax  +
call ds:GetVolumeInformationW  +
test eax eax +
jz loc_100173D  +
push 0FFFFFFFFh  +
lea eax [ebp+FileSystemNameBuffer] +
push eax  +
lea ecx [ebp+var_AC] +
call ds:?Initialize@WSTRING@@QAEEPBGK@Z  +
test al al +
jz loc_100173D  +
push [ebp+var_8C]  +
push [ebp+var_A4]  +
call ds:_wcsicmp  +
pop ecx  +
pop ecx  +
test eax eax +
jnz loc_100173D  +
mov [ebp+var_58] 0BD9h +
push [ebp+var_5C]  +
call sub_1001265  +
pop ecx  +
mov eax [esi] +
push 3  +
push 1  +
push [ebp+var_58]  +
mov ecx esi +
call dword ptr [eax+0Ch]  +
push offset dword_100119C  +
push esi  +
call edi  +
mov eax [esi] +
pop ecx  +
pop ecx  +
push [ebp+var_64]  +
mov ecx esi +
call dword ptr [eax+18h]  +
mov bl al +
jmp loc_10015AB  +
***
mov edi edi +
push ebp  +
mov ebp esp +
sub esp 434h +
mov eax dword_1004000 +
xor eax ebp +
mov [ebp+var_4] eax +
push ebx  +
mov ebx [ebp+arg_0] +
push esi  +
mov esi [ebp+arg_8] +
push edi  +
mov edi [ebp+arg_4] +
lea ecx [ebp+var_42C] +
call ds:??0DSTRING@@QAE@XZ  +
lea eax [ebp+var_414] +
push eax  +
lea eax [ebp+var_410] +
push eax  +
push ebx  +
call sub_10012DC  +
test al al +
jnz loc_1001809  +
cmp [ebp+var_414] 0C0000022h +
mov eax [esi] +
push 3  +
mov ecx esi +
push 0  +
jnz loc_10017D4  +
push 0BD5h  +
jmp loc_10017D9  +
push 7F4h  +
call dword ptr [eax+0Ch]  +
push offset dword_100119C  +
push esi  +
call ds:?Display@MESSAGE@@QAAEPBDZZ  +
pop ecx  +
pop ecx  +
lea ecx [ebp+var_42C] +
call ds:??1DSTRING@@UAE@XZ  +
xor al al +
mov ecx [ebp+var_4] +
pop edi  +
pop esi  +
xor ecx ebp +
pop ebx  +
call sub_10024FA  +
leave   +
retn 0Ch  +
push 0FFFFFFFFh  +
xor ebx ebx +
push ebx  +
push edi  +
lea ecx [ebp+var_42C] +
call ds:?Initialize@WSTRING@@QAEEPBV1@KK@Z  +
lea ecx [ebp+var_42C] +
test al al +
jz loc_10017F0  +
push 1  +
push 202h  +
lea eax [ebp+var_408] +
push eax  +
push 0FFFFFFFFh  +
push ebx  +
call ds:?QueryWSTR@WSTRING@@QBEPAGKKPAGKE@Z  +
test eax eax +
jnz loc_1001849  +
mov eax [esi] +
push 3  +
push ebx  +
mov ecx esi +
jmp loc_10017D4  +
mov eax [ebp+var_420] +
add eax eax +
push 2  +
mov [ebp+var_40C] eax +
push 408h  +
lea eax [ebp+var_40C] +
push eax  +
lea eax [ebp+var_434] +
push eax  +
push [ebp+var_410]  +
call ds:NtSetVolumeInformationFile  +
cmp eax ebx +
jge loc_1001932  +
mov ecx 0C00000A2h +
cmp eax ecx +
jg loc_10018CF  +
jz loc_10018C5  +
cmp eax 0C0000010h +
jz loc_1001902  +
cmp eax 0C0000022h +
jz loc_10018BB  +
cmp eax 0C000007Fh +
jz loc_10018B1  +
cmp eax 0C0000086h +
jnz loc_10018E4  +
push 3  +
push ebx  +
push 0BD7h  +
jmp loc_100190A  +
push 3  +
push ebx  +
push 0BC2h  +
jmp loc_100190A  +
push 3  +
push ebx  +
push 0BD5h  +
jmp loc_100190A  +
push 3  +
push ebx  +
push 1779h  +
jmp loc_100190A  +
cmp eax 0C00000BBh +
jz loc_1001902  +
cmp eax 0C0000240h +
jz loc_10018F8  +
cmp eax 0C00002EAh +
jz loc_10018EE  +
push 3  +
push ebx  +
push 7F4h  +
jmp loc_100190A  +
push 3  +
push ebx  +
push 177Ah  +
jmp loc_100190A  +
push 3  +
push ebx  +
push 177Bh  +
jmp loc_100190A  +
push 3  +
push ebx  +
push 1776h  +
mov eax [esi] +
mov ecx esi +
call dword ptr [eax+0Ch]  +
push offset dword_100119C  +
push esi  +
call ds:?Display@MESSAGE@@QAAEPBDZZ  +
pop ecx  +
pop ecx  +
lea ecx [ebp+var_42C] +
call ds:??1DSTRING@@UAE@XZ  +
mov al bl +
jmp loc_10017F8  +
mov bl 1 +
jmp loc_100191F  +
***
mov edi edi +
push esi  +
mov esi ecx +
lea ecx [esi+10h] +
call ds:??1DSTRING@@UAE@XZ  +
mov ecx esi +
pop esi  +
jmp ds:??1OBJECT@@UAE@XZ  +
***
mov edi edi +
push esi  +
mov esi ecx +
lea ecx [esi+28h] +
call ds:??1DSTRING@@UAE@XZ  +
mov ecx esi +
pop esi  +
jmp sub_100193B  +
***
mov edi edi +
push ebp  +
mov ebp esp +
sub esp 748h +
mov eax dword_1004000 +
xor eax ebp +
mov [ebp+var_4] eax +
push ebx  +
push esi  +
push edi  +
lea ecx [ebp+var_60C] +
call ds:??0STREAM_MESSAGE@@QAE@XZ  +
lea ecx [ebp+var_748] +
call ds:??0ARGUMENT_LEXEMIZER@@QAE@XZ  +
mov esi ds:??0ARRAY@@QAE@XZ +
lea ecx [ebp+var_500] +
call esi  +
lea ecx [ebp+var_4D0] +
call esi  +
lea ecx [ebp+var_574] +
call ds:??0STRING_ARGUMENT@@QAE@XZ  +
lea ecx [ebp+var_64C] +
call ds:??0REST_OF_LINE_ARGUMENT@@QAE@XZ  +
mov esi ds:??0FLAG_ARGUMENT@@QAE@XZ +
lea ecx [ebp+var_5A4] +
call esi  +
lea ecx [ebp+var_548] +
call esi  +
mov esi ds:??0DSTRING@@QAE@XZ +
lea ecx [ebp+var_4B8] +
call esi  +
lea ecx [ebp+var_4A0] +
call esi  +
mov edi ds:??0PATH@@QAE@XZ +
lea ecx [ebp+var_244] +
call edi  +
lea ecx [ebp+var_484] +
call edi  +
lea ecx [ebp+var_518] +
call esi  +
lea ecx [ebp+var_4E8] +
call esi  +
xor ebx ebx +
push ebx  +
push ebx  +
push 1  +
push ebx  +
call ds:HeapSetInformation  +
call ds:?Get_Standard_Error_Stream@@YGPAVSTREAM@@XZ  +
push eax  +
call ds:?Get_Standard_Input_Stream@@YGPAVSTREAM@@XZ  +
push eax  +
call ds:?Get_Standard_Output_Stream@@YGPAVSTREAM@@XZ  +
push eax  +
lea ecx [ebp+var_60C] +
call ds:?Initialize@STREAM_MESSAGE@@QAEEPAVSTREAM@@00@Z  +
test al al +
jz loc_10021A9  +
mov esi ds:?Initialize@ARRAY@@QAEEKK@Z +
push 19h  +
push 32h  +
lea ecx [ebp+var_500] +
call esi  +
test al al +
jz loc_10021A9  +
push 19h  +
push 32h  +
lea ecx [ebp+var_4D0] +
call esi  +
test al al +
jz loc_10021A9  +
lea eax [ebp+var_500] +
push eax  +
lea ecx [ebp+var_748] +
call ds:?Initialize@ARGUMENT_LEXEMIZER@@QAEEPAVARRAY@@@Z  +
test al al +
jz loc_10021A9  +
push ebx  +
lea ecx [ebp+var_748] +
call ds:?SetCaseSensitive@ARGUMENT_LEXEMIZER@@QAEXE@Z  +
push ebx  +
lea ecx [ebp+var_748] +
call ds:?PrepareToParse@ARGUMENT_LEXEMIZER@@QAEEPAVWSTRING@@@Z  +
test al al +
jz loc_10021A9  +
push offset asc_10011D0  +
lea ecx [ebp+var_574] +
call ds:?Initialize@STRING_ARGUMENT@@QAEEPAD@Z  +
test al al +
jz loc_10021A9  +
mov esi ds:?Initialize@FLAG_ARGUMENT@@QAEEPAD@Z +
push offset a?  +
lea ecx [ebp+var_5A4] +
call esi  +
test al al +
jz loc_10021A9  +
push offset aMp  +
lea ecx [ebp+var_548] +
call esi  +
test al al +
jz loc_10021A9  +
lea ecx [ebp+var_64C] +
call ds:?Initialize@REST_OF_LINE_ARGUMENT@@QAEEXZ  +
test al al +
jz loc_10021A9  +
mov esi ds:?Put@ARRAY@@UAEEPAVOBJECT@@@Z +
lea eax [ebp+var_574] +
push eax  +
lea ecx [ebp+var_4D0] +
call esi  +
test al al +
jz loc_10021A9  +
lea eax [ebp+var_5A4] +
push eax  +
lea ecx [ebp+var_4D0] +
call esi  +
test al al +
jz loc_10021A9  +
lea eax [ebp+var_548] +
push eax  +
lea ecx [ebp+var_4D0] +
call esi  +
test al al +
jz loc_10021A9  +
lea eax [ebp+var_64C] +
push eax  +
lea ecx [ebp+var_4D0] +
call esi  +
test al al +
jz loc_10021A9  +
lea eax [ebp+var_4D0] +
push eax  +
lea ecx [ebp+var_748] +
call ds:?DoParsing@ARGUMENT_LEXEMIZER@@QAEEPAVARRAY@@@Z  +
test al al +
jnz loc_1001C74  +
push 3  +
push ebx  +
push 0BD2h  +
lea ecx [ebp+var_60C] +
call ds:?Set@STREAM_MESSAGE@@UAEEKW4MESSAGE_TYPE@@K@Z  +
lea ecx [ebp+var_748] +
call ds:?QueryInvalidArgument@ARGUMENT_LEXEMIZER@@QAEPAVWSTRING@@XZ  +
push eax  +
lea eax [ebp+var_60C] +
push offset aW  +
push eax  +
call ds:?Display@MESSAGE@@QAAEPBDZZ  +
add esp 0Ch +
xor edi edi +
inc edi  +
mov esi ds:??1DSTRING@@UAE@XZ +
lea ecx [ebp+var_4E8] +
call esi  +
lea ecx [ebp+var_518] +
call esi  +
mov ebx ds:??1PATH@@UAE@XZ +
lea ecx [ebp+var_484] +
call ebx  +
lea ecx [ebp+var_244] +
call ebx  +
lea ecx [ebp+var_4A0] +
call esi  +
lea ecx [ebp+var_4B8] +
call esi  +
lea ecx [ebp+var_548] +
call sub_100193B  +
lea ecx [ebp+var_5A4] +
call sub_100193B  +
lea ecx [ebp+var_64C] +
call sub_1001957  +
lea ecx [ebp+var_574] +
call ds:??1STRING_ARGUMENT@@UAE@XZ  +
mov esi ds:??1ARRAY@@UAE@XZ +
lea ecx [ebp+var_4D0] +
call esi  +
lea ecx [ebp+var_500] +
call esi  +
lea ecx [ebp+var_748] +
call ds:??1ARGUMENT_LEXEMIZER@@UAE@XZ  +
lea ecx [ebp+var_60C] +
call ds:??1STREAM_MESSAGE@@UAE@XZ  +
mov eax edi +
jmp loc_1002243  +
cmp [ebp+var_578] bl +
jz loc_1001C8F  +
lea eax [ebp+var_60C] +
push eax  +
call sub_100128E  +
xor edi edi +
jmp loc_1001BD6  +
lea ecx [ebp+var_4B8] +
call ds:?Initialize@WSTRING@@QAEEXZ  +
test al al +
jz loc_1001BD3  +
mov esi ds:?IsValueSet@ARGUMENT@@QAEEXZ +
lea ecx [ebp+var_64C] +
call esi  +
mov ebx ds:?Initialize@WSTRING@@QAEEPBV1@KK@Z +
or edi 0FFFFFFFFh +
test al al +
jz loc_1001FA2  +
push edi  +
push 0  +
lea eax [ebp+var_624] +
push eax  +
lea ecx [ebp+var_4A0] +
call ebx  +
test al al +
jz loc_1001BD3  +
push 0  +
lea eax [ebp+var_624] +
push eax  +
lea ecx [ebp+var_244] +
call ds:?Initialize@PATH@@QAEEPBVWSTRING@@E@Z  +
test al al +
jz loc_1001BD3  +
lea ecx [ebp+var_548] +
call esi  +
test al al +
jz loc_1001E66  +
cmp [ebp+var_494] 1 +
jbe loc_1001D1E  +
mov eax [ebp+var_498] +
movzx eax word ptr [eax+2] +
jmp loc_1001D23  +
mov eax 0FFFFh +
cmp ax 3Ah +
jz loc_1001DE4  +
lea ecx [ebp+var_244] +
call ds:?IsGuidVolName@PATH@@QAEEXZ  +
test al al +
jnz loc_1001DE4  +
push edi  +
push 0  +
lea eax [ebp+var_4A0] +
push eax  +
lea ecx [ebp+var_4B8] +
call ebx  +
test al al +
jz loc_1001BD3  +
push edi  +
push offset a_  +
lea ecx [ebp+var_4A0] +
call ds:?Initialize@WSTRING@@QAEEPBGK@Z  +
test al al +
jz loc_1001BD3  +
xor esi esi +
push esi  +
lea eax [ebp+var_4A0] +
push eax  +
lea ecx [ebp+var_244] +
call ds:?Initialize@PATH@@QAEEPBVWSTRING@@E@Z  +
test al al +
jz loc_1001BD3  +
lea eax [ebp+var_518] +
push eax  +
lea eax [ebp+var_484] +
push eax  +
lea eax [ebp+var_4A0] +
push eax  +
lea ecx [ebp+var_244] +
call ds:?AnalyzePath@PATH@@QAE?AW4PATH_ANALYZE_CODE@@PAVWSTRING@@PAV1@0@Z  +
cmp eax esi +
jl loc_100219C  +
cmp eax 1 +
jle loc_1001FB3  +
cmp eax 2 +
jz loc_1001BD3  +
cmp eax 4 +
jnz loc_100219C  +
push 3  +
push esi  +
push 1778h  +
jmp loc_1001FC3  +
push 20h  +
push [ebp+var_498]  +
call ds:wcschr  +
pop ecx  +
pop ecx  +
test eax eax +
jz loc_1001E04  +
sub eax [ebp+var_498] +
sar eax 1 +
mov esi eax +
jmp loc_1001E06  +
mov esi edi +
cmp esi edi +
jz loc_1001D75  +
push edi  +
push esi  +
lea eax [ebp+var_4A0] +
push eax  +
lea ecx [ebp+var_4B8] +
call ebx  +
test al al +
jz loc_1001BD3  +
push edi  +
push esi  +
mov esi ds:?DeleteChAt@WSTRING@@QAEXKK@Z +
lea ecx [ebp+var_4A0] +
call esi  +
cmp [ebp+var_4AC] 0 +
jbe loc_1001E4B  +
mov eax [ebp+var_4B0] +
movzx eax word ptr [eax] +
jmp loc_1001E50  +
mov eax 0FFFFh +
cmp ax 20h +
jnz loc_1001D75  +
push 1  +
push 0  +
lea ecx [ebp+var_4B8] +
jmp loc_1001E35  +
cmp [ebp+var_494] 1 +
jbe loc_1001E7B  +
mov eax [ebp+var_498] +
movzx eax word ptr [eax+2] +
jmp loc_1001E80  +
mov eax 0FFFFh +
cmp ax 3Ah +
jnz loc_1001EE0  +
push edi  +
push 2  +
lea eax [ebp+var_4A0] +
push eax  +
lea ecx [ebp+var_4B8] +
call ebx  +
test al al +
jz loc_1001BD3  +
mov esi ds:?DeleteChAt@WSTRING@@QAEXKK@Z +
push edi  +
push 2  +
lea ecx [ebp+var_4A0] +
call esi  +
cmp [ebp+var_4AC] 0 +
jbe loc_1001EC5  +
mov eax [ebp+var_4B0] +
movzx eax word ptr [eax] +
jmp loc_1001ECA  +
mov eax 0FFFFh +
cmp ax 20h +
jnz loc_1001D75  +
push 1  +
push 0  +
lea ecx [ebp+var_4B8] +
jmp loc_1001EAF  +
lea ecx [ebp+var_244] +
call ds:?IsGuidVolName@PATH@@QAEEXZ  +
test al al +
jz loc_1001F76  +
push 20h  +
push [ebp+var_498]  +
call ds:wcschr  +
pop ecx  +
pop ecx  +
test eax eax +
jz loc_1001F14  +
sub eax [ebp+var_498] +
sar eax 1 +
mov esi eax +
jmp loc_1001F16  +
mov esi edi +
cmp esi edi +
jz loc_1001D75  +
push edi  +
push esi  +
lea eax [ebp+var_4A0] +
push eax  +
lea ecx [ebp+var_4B8] +
call ebx  +
test al al +
jz loc_1001BD3  +
push edi  +
push esi  +
mov esi ds:?DeleteChAt@WSTRING@@QAEXKK@Z +
lea ecx [ebp+var_4A0] +
call esi  +
cmp [ebp+var_4AC] 0 +
jbe loc_1001F5B  +
mov eax [ebp+var_4B0] +
movzx eax word ptr [eax] +
jmp loc_1001F60  +
mov eax 0FFFFh +
cmp ax 20h +
jnz loc_1001D75  +
push 1  +
push 0  +
lea ecx [ebp+var_4B8] +
jmp loc_1001F45  +
push edi  +
push 0  +
lea eax [ebp+var_4A0] +
push eax  +
lea ecx [ebp+var_4B8] +
call ebx  +
test al al +
jz loc_1001BD3  +
lea eax [ebp+var_4A0] +
push eax  +
call ds:?QueryCurrentDosDriveName@SYSTEM@@SGEPAVWSTRING@@@Z  +
jmp loc_1001D6D  +
lea ecx [ebp+var_548] +
call esi  +
test al al +
jz loc_1001F90  +
jmp loc_1001D5B  +
cmp [ebp+var_50C] esi +
jz loc_1001FE8  +
push 3  +
push esi  +
push 8ACh  +
lea ecx [ebp+var_60C] +
call ds:?Set@STREAM_MESSAGE@@UAEEKW4MESSAGE_TYPE@@K@Z  +
lea eax [ebp+var_60C] +
push offset dword_100119C  +
push eax  +
call ds:?Display@MESSAGE@@QAAEPBDZZ  +
pop ecx  +
pop ecx  +
jmp loc_1001BD3  +
lea ecx [ebp+var_244] +
call ds:?IsGuidVolName@PATH@@QAEEXZ  +
push edi  +
push esi  +
test al al +
jz loc_1002191  +
lea eax [ebp+var_4A0] +
push eax  +
lea ecx [ebp+var_4E8] +
call ebx  +
test al al +
jz loc_1001BD3  +
cmp [ebp+var_268] 2 +
jnz loc_1002044  +
mov eax [ebp+var_26C] +
cmp word ptr [eax+2] 3Ah +
jnz loc_1002044  +
push edi  +
push esi  +
lea eax [ebp+var_274] +
push eax  +
lea ecx [ebp+var_4A0] +
call ebx  +
test al al +
jz loc_1001BD3  +
cmp [ebp+var_4AC] esi +
jnz loc_10020D2  +
lea eax [ebp+var_60C] +
push eax  +
lea eax [ebp+var_4B8] +
push eax  +
lea eax [ebp-485h] +
push eax  +
lea eax [ebp+var_4A0] +
push eax  +
lea eax [ebp+var_4E8] +
push eax  +
call sub_1001484  +
test al al +
jz loc_1001BD3  +
cmp [ebp+var_4AC] esi +
jnz loc_10020D2  +
cmp [ebp+var_485] 0 +
jz loc_1001C88  +
push 3  +
push esi  +
push 1775h  +
lea ecx [ebp+var_60C] +
call ds:?Set@STREAM_MESSAGE@@UAEEKW4MESSAGE_TYPE@@K@Z  +
lea eax [ebp+var_60C] +
push offset dword_100119C  +
push eax  +
call ds:?Display@MESSAGE@@QAAEPBDZZ  +
pop ecx  +
pop ecx  +
push esi  +
lea ecx [ebp+var_60C] +
call ds:?IsYesResponse@STREAM_MESSAGE@@UAEEE@Z  +
test al al +
jz loc_1001C88  +
lea eax [ebp+var_60C] +
push eax  +
lea eax [ebp+var_4B8] +
push eax  +
lea eax [ebp+var_4A0] +
push eax  +
call sub_1001774  +
mov esi ds:??1DSTRING@@UAE@XZ +
xor ebx ebx +
test al al +
lea ecx [ebp+var_4E8] +
setz bl  +
call esi  +
lea ecx [ebp+var_518] +
call esi  +
mov edi ds:??1PATH@@UAE@XZ +
lea ecx [ebp+var_484] +
call edi  +
lea ecx [ebp+var_244] +
call edi  +
lea ecx [ebp+var_4A0] +
call esi  +
lea ecx [ebp+var_4B8] +
call esi  +
lea ecx [ebp+var_548] +
call sub_100193B  +
lea ecx [ebp+var_5A4] +
call sub_100193B  +
lea ecx [ebp+var_64C] +
call sub_1001957  +
lea ecx [ebp+var_574] +
call ds:??1STRING_ARGUMENT@@UAE@XZ  +
mov esi ds:??1ARRAY@@UAE@XZ +
lea ecx [ebp+var_4D0] +
call esi  +
lea ecx [ebp+var_500] +
call esi  +
lea ecx [ebp+var_748] +
call ds:??1ARGUMENT_LEXEMIZER@@UAE@XZ  +
lea ecx [ebp+var_60C] +
call ds:??1STREAM_MESSAGE@@UAE@XZ  +
mov eax ebx +
jmp loc_1002243  +
lea eax [ebp+var_274] +
jmp loc_1002004  +
push 3  +
push esi  +
push 1777h  +
jmp loc_1001FC3  +
mov esi ds:??1DSTRING@@UAE@XZ +
lea ecx [ebp+var_4E8] +
call esi  +
lea ecx [ebp+var_518] +
call esi  +
mov ebx ds:??1PATH@@UAE@XZ +
lea ecx [ebp+var_484] +
call ebx  +
lea ecx [ebp+var_244] +
call ebx  +
lea ecx [ebp+var_4A0] +
call esi  +
lea ecx [ebp+var_4B8] +
call esi  +
lea ecx [ebp+var_548] +
call sub_100193B  +
lea ecx [ebp+var_5A4] +
call sub_100193B  +
lea ecx [ebp+var_64C] +
call sub_1001957  +
lea ecx [ebp+var_574] +
call ds:??1STRING_ARGUMENT@@UAE@XZ  +
mov esi ds:??1ARRAY@@UAE@XZ +
lea ecx [ebp+var_4D0] +
call esi  +
lea ecx [ebp+var_500] +
call esi  +
lea ecx [ebp+var_748] +
call ds:??1ARGUMENT_LEXEMIZER@@UAE@XZ  +
lea ecx [ebp+var_60C] +
call ds:??1STREAM_MESSAGE@@UAE@XZ  +
xor eax eax +
inc eax  +
mov ecx [ebp+var_4] +
pop edi  +
pop esi  +
xor ecx ebp +
pop ebx  +
call sub_10024FA  +
leave   +
retn   +
***
mov edi edi +
push ebp  +
mov ebp esp +
push esi  +
mov esi [ebp+arg_0] +
xor eax eax +
jmp loc_1002273  +
test eax eax +
jnz loc_1002278  +
mov ecx [esi] +
test ecx ecx +
jz loc_1002270  +
call ecx  +
add esi 4 +
cmp esi [ebp+arg_4] +
jb loc_1002264  +
pop esi  +
pop ebp  +
retn   +
***
mov eax dword_100403C +
push offset dword_100402C  +
push dword_1004038  +
mov dword_100402C eax +
push offset dword_100401C  +
push offset dword_1004020  +
push offset dword_1004018  +
call ds:__getmainargs  +
add esp 14h +
mov dword_1004028 eax +
retn   +
***
call __SEH_prolog4  +
xor ebx ebx +
mov [ebp+ms_exc.disabled] ebx +
mov eax large fs:18h +
mov esi [eax+4] +
mov [ebp+var_1C] ebx +
mov edi offset Destination +
push ebx  +
push esi  +
push edi  +
call ds:InterlockedCompareExchange  +
cmp eax ebx +
jz loc_1002300  +
cmp eax esi +
jnz loc_10022F3  +
xor esi esi +
inc esi  +
mov [ebp+var_1C] esi +
jmp loc_1002303  +
push 3E8h  +
call ds:Sleep  +
jmp loc_10022DA  +
xor esi esi +
inc esi  +
mov eax dword_100436C +
cmp eax esi +
jnz loc_1002316  +
push 1Fh  +
call _amsg_exit  +
pop ecx  +
jmp loc_1002351  +
mov eax dword_100436C +
test eax eax +
jnz loc_100234B  +
mov dword_100436C esi +
push offset dword_1001170  +
push offset dword_1001164  +
call sub_1002257  +
pop ecx  +
pop ecx  +
test eax eax +
jz loc_1002351  +
mov [ebp+ms_exc.disabled] 0FFFFFFFEh +
mov eax 0FFh +
jmp loc_100241B  +
mov dword_1004034 esi +
mov eax dword_100436C +
cmp eax esi +
jnz loc_1002375  +
push offset dword_1001160  +
push offset dword_1001158  +
call _initterm  +
pop ecx  +
pop ecx  +
mov dword_100436C 2 +
cmp [ebp+var_1C] ebx +
jnz loc_1002382  +
push ebx  +
push edi  +
call ds:InterlockedExchange  +
cmp dword_1004374 ebx +
jz loc_10023A3  +
push offset dword_1004374  +
call sub_1002609  +
pop ecx  +
test eax eax +
jz loc_10023A3  +
push ebx  +
push 2  +
push ebx  +
call dword_1004374  +
push dword_100401C  +
push dword_1004020  +
push dword_1004018  +
call sub_1001972  +
add esp 0Ch +
mov dword_1004030 eax +
cmp dword_1004024 ebx +
jnz loc_1002401  +
push eax  +
call ds:exit  +
mov eax [ebp-14h] +
mov ecx [eax] +
mov ecx [ecx] +
mov [ebp-20h] ecx +
push eax  +
push ecx  +
call _XcptFilter  +
pop ecx  +
pop ecx  +
retn   +
mov esp [ebp-18h] +
mov eax [ebp-20h] +
mov dword_1004030 eax +
xor ebx ebx +
cmp dword_1004024 ebx +
jnz loc_1002401  +
push eax  +
call ds:_exit  +
cmp dword_1004034 ebx +
jnz loc_100240F  +
call ds:_cexit  +
mov [ebp+ms_exc.disabled] 0FFFFFFFEh +
mov eax dword_1004030 +
call __SEH_epilog4  +
retn   +
***
mov eax 5A4Dh +
cmp ds:1000000h ax +
jz loc_1002438  +
xor eax eax +
jmp loc_1002485  +
mov eax ds:100003Ch +
lea eax [eax+1000000h] +
cmp dword ptr [eax] 4550h +
jnz loc_1002434  +
movzx ecx word ptr [eax+18h] +
cmp ecx 10Bh +
jz loc_1002472  +
cmp ecx 20Bh +
jnz loc_1002434  +
cmp dword ptr [eax+84h] 0Eh +
jbe loc_1002434  +
xor ecx ecx +
cmp [eax+0F8h] ecx +
jmp loc_1002480  +
cmp dword ptr [eax+74h] 0Eh +
jbe loc_1002434  +
xor ecx ecx +
cmp [eax+0E8h] ecx +
setnz cl  +
mov eax ecx +
push 1  +
mov dword_1004024 eax +
call sub_10027A2  +
push eax  +
call ds:__set_app_type  +
or dword_1004364 0FFFFFFFFh +
or dword_1004368 0FFFFFFFFh +
pop ecx  +
pop ecx  +
call ds:__p__fmode  +
mov ecx dword_1004044 +
mov [eax] ecx +
call ds:__p__commode  +
mov ecx dword_1004040 +
mov [eax] ecx +
call sub_1002734  +
cmp dword_1004010 0 +
jnz loc_10024DE  +
push offset sub_1002734  +
call ds:__setusermatherr  +
pop ecx  +
call sub_100271C  +
xor eax eax +
retn   +
***
call sub_10027E1  +
jmp sub_10022B8  +
***
cmp ecx dword_1004000 +
jnz loc_1002505  +
retn 0  +
jmp loc_1002877  +
***
push ebp  +
mov ebp esp +
mov eax [ebp+8] +
mov eax [eax] +
cmp dword ptr [eax] 0E06D7363h +
jnz loc_100254C  +
cmp dword ptr [eax+10h] 3 +
jnz loc_100254C  +
mov eax [eax+14h] +
cmp eax 19930520h +
jz loc_1002546  +
cmp eax 19930521h +
jz loc_1002546  +
cmp eax 19930522h +
jz loc_1002546  +
cmp eax 1994000h +
jnz loc_100254C  +
call ds:?terminate@@YAXXZ  +
xor eax eax +
pop ebp  +
retn 4  +
***
push (offset dword_100250C+3)  +
call ds:SetUnhandledExceptionFilter  +
xor eax eax +
retn   +
***
mov edi edi +
push ebp  +
mov ebp esp +
mov ecx [ebp+arg_0] +
mov eax 5A4Dh +
cmp [ecx] ax +
jz loc_1002596  +
xor eax eax +
pop ebp  +
retn   +
mov eax [ecx+3Ch] +
add eax ecx +
cmp dword ptr [eax] 4550h +
jnz loc_1002592  +
xor edx edx +
mov ecx 10Bh +
cmp [eax+18h] cx +
setz dl  +
mov eax edx +
pop ebp  +
retn   +
***
mov edi edi +
push ebp  +
mov ebp esp +
mov eax [ebp+arg_0] +
mov ecx [eax+3Ch] +
add ecx eax +
movzx eax word ptr [ecx+14h] +
push ebx  +
push esi  +
movzx esi word ptr [ecx+6] +
xor edx edx +
push edi  +
lea eax [eax+ecx+18h] +
test esi esi +
jbe loc_10025FD  +
mov edi [ebp+arg_4] +
mov ecx [eax+0Ch] +
cmp edi ecx +
jb loc_10025F5  +
mov ebx [eax+8] +
add ebx ecx +
cmp edi ebx +
jb loc_10025FF  +
inc edx  +
add eax 28h +
cmp edx esi +
jb loc_10025E5  +
xor eax eax +
pop edi  +
pop esi  +
pop ebx  +
pop ebp  +
retn   +
***
call __SEH_prolog4  +
and [ebp+ms_exc.disabled] 0 +
mov esi 1000000h +
push esi  +
call sub_1002580  +
pop ecx  +
test eax eax +
jz loc_1002666  +
mov eax [ebp+arg_0] +
sub eax esi +
push eax  +
push esi  +
call sub_10025C0  +
pop ecx  +
pop ecx  +
test eax eax +
jz loc_1002666  +
mov eax [eax+24h] +
shr eax 1Fh +
not eax  +
and eax 1 +
mov [ebp+ms_exc.disabled] 0FFFFFFFEh +
jmp loc_100266F  +
mov eax [ebp-14h] +
mov eax [eax] +
mov eax [eax] +
xor ecx ecx +
cmp eax 0C0000005h +
setz cl  +
mov eax ecx +
retn   +
mov esp [ebp-18h] +
mov [ebp+ms_exc.disabled] 0FFFFFFFEh +
xor eax eax +
call __SEH_epilog4  +
retn   +
***
mov eax [esp+8+arg_4] +
mov ecx [ebp-10h] +
mov large fs:0 ecx +
pop ecx  +
pop edi  +
pop edi  +
pop esi  +
pop ebx  +
mov esp ebp +
pop ebp  +
push ecx  +
retn   +
***
mov edi edi +
push ebp  +
mov ebp esp +
push dword ptr [ebp+14h]  +
push dword ptr [ebp+10h]  +
push dword ptr [ebp+0Ch]  +
push dword ptr [ebp+8]  +
push offset sub_10024FA  +
push offset dword_1004000  +
call _except_handler4_common  +
add esp 18h +
pop ebp  +
retn   +
***
call ds:_controlfp  +
pop ecx  +
pop ecx  +
retn   +
***
retn   +
***
call __SEH_prolog4  +
xor eax eax +
mov ecx [ebp+arg_0] +
test ecx ecx +
jz loc_1002795  +
cmp ecx 0FFFFFFFFh +
jz loc_1002795  +
and [ebp+ms_exc.disabled] eax +
mov edx 5A4Dh +
cmp [ecx] dx +
jnz loc_100278E  +
mov edx [ecx+3Ch] +
test edx edx +
jl loc_100278E  +
cmp edx 10000000h +
jnb loc_100278E  +
lea eax [edx+ecx] +
mov [ebp+var_1C] eax +
cmp dword ptr [eax] 4550h +
jz loc_100278E  +
jmp loc_1002789  +
xor eax eax +
inc eax  +
retn   +
mov esp [ebp-18h] +
xor eax eax +
mov [ebp+var_1C] eax +
mov [ebp+ms_exc.disabled] 0FFFFFFFEh +
call __SEH_epilog4  +
retn 4  +
***
mov edi edi +
push ebp  +
mov ebp esp +
push 0  +
call ds:GetModuleHandleA  +
test eax eax +
jz loc_10027D7  +
push eax  +
call sub_100273C  +
test eax eax +
jz loc_10027D7  +
movzx eax word ptr [eax+5Ch] +
cmp ax 2 +
jnz loc_10027CC  +
push 2  +
pop eax  +
pop ebp  +
retn   +
cmp ax 3 +
jnz loc_10027D7  +
xor eax eax +
inc eax  +
pop ebp  +
retn   +
mov eax [ebp+arg_0] +
pop ebp  +
retn   +
***
mov edi edi +
push ebp  +
mov ebp esp +
sub esp 10h +
mov eax dword_1004000 +
and [ebp+SystemTimeAsFileTime.dwLowDateTime] 0 +
and [ebp+SystemTimeAsFileTime.dwHighDateTime] 0 +
push ebx  +
push edi  +
mov edi 0BB40E64Eh +
mov ebx 0FFFF0000h +
cmp eax edi +
jz loc_1002813  +
test eax ebx +
jz loc_1002813  +
not eax  +
mov dword_1004004 eax +
jmp loc_100286E  +
push esi  +
lea eax [ebp+SystemTimeAsFileTime] +
push eax  +
call ds:GetSystemTimeAsFileTime  +
mov esi [ebp+SystemTimeAsFileTime.dwHighDateTime] +
xor esi [ebp+SystemTimeAsFileTime.dwLowDateTime] +
call ds:GetCurrentProcessId  +
xor esi eax +
call ds:GetCurrentThreadId  +
xor esi eax +
call ds:GetTickCount  +
xor esi eax +
lea eax [ebp+PerformanceCount] +
push eax  +
call ds:QueryPerformanceCounter  +
mov eax dword ptr [ebp+PerformanceCount+4] +
xor eax dword ptr [ebp+PerformanceCount] +
xor esi eax +
cmp esi edi +
jz loc_100285A  +
test dword_1004000 ebx +
jnz loc_100285F  +
mov esi 0BB40E64Fh +
mov dword_1004000 esi +
not esi  +
mov dword_1004004 esi +
pop esi  +
pop edi  +
pop ebx  +
leave   +
retn   +
***
mov edi edi +
push ebp  +
mov ebp esp +
sub esp 328h +
mov dword_1004148 eax +
mov dword_1004144 ecx +
mov dword_1004140 edx +
mov dword_100413C ebx +
mov dword_1004138 esi +
mov dword_1004134 edi +
mov word_1004160 ss +
mov word_1004154 cs +
mov word_1004130 ds +
mov word_100412C es +
mov word_1004128 fs +
mov word_1004124 gs +
pushf   +
pop dword_1004158  +
mov eax [ebp+0] +
mov dword_100414C eax +
mov eax [ebp+4] +
mov dword_1004150 eax +
lea eax [ebp+8] +
mov dword_100415C eax +
mov eax [ebp-320h] +
mov dword_1004098 10001h +
mov eax dword_1004150 +
mov dword_1004054 eax +
mov dword_1004048 0C0000409h +
mov dword_100404C 1 +
mov eax dword_1004000 +
mov [ebp-328h] eax +
mov eax dword_1004004 +
mov [ebp-324h] eax +
push 0  +
call ds:SetUnhandledExceptionFilter  +
push offset ExceptionInfo  +
call ds:UnhandledExceptionFilter  +
push 0C0000409h  +
call ds:GetCurrentProcess  +
push eax  +
call ds:TerminateProcess  +
leave   +
retn   +
***
