mov edi edi +
push ebp  +
mov ebp esp +
sub esp 44h +
and [ebp+var_4] 0 +
push esi  +
push 3Ch  +
pop esi  +
push esi  +
lea eax [ebp+hHandle] +
push 0  +
push eax  +
call memset  +
add esp 0Ch +
lea eax [ebp+var_4] +
push eax  +
call ds:Wow64DisableWow64FsRedirection  +
test eax eax +
jnz loc_10011F3  +
call ds:GetLastError  +
test eax eax +
jle loc_10011E6  +
and eax 0FFFFh +
or eax 80070000h +
mov esi eax +
test esi esi +
jl loc_1001249  +
mov esi 80004005h +
jmp loc_1001249  +
mov eax [ebp+arg_8] +
mov [ebp-30h] eax +
mov eax [ebp+arg_C] +
mov [ebp-28h] eax +
lea eax [ebp+hHandle] +
push eax  +
mov [ebp+hHandle] esi +
mov dword ptr [ebp-40h] 240h +
mov dword ptr [ebp-34h] offset aWindirSystem32 +
call ds:ShellExecuteExW  +
test eax eax +
jz loc_10011D2  +
push 0  +
call ds:SetLastError  +
push 0FFFFFFFFh  +
push dword ptr [ebp-0Ch]  +
call ds:WaitForSingleObject  +
test eax eax +
jnz loc_10011D2  +
lea eax [ebp+ExitCode] +
push eax  +
push dword ptr [ebp-0Ch]  +
call ds:GetExitCodeProcess  +
test eax eax +
jz loc_10011D2  +
mov esi [ebp+ExitCode] +
cmp dword ptr [ebp-0Ch] 0 +
jz loc_100125E  +
cmp dword ptr [ebp-0Ch] 0FFFFFFFFh +
jz loc_100125E  +
push dword ptr [ebp-0Ch]  +
call ds:CloseHandle  +
mov eax esi +
pop esi  +
leave   +
retn 10h  +
***
mov edi edi +
push ebp  +
mov ebp esp +
push esi  +
mov esi [ebp+arg_0] +
xor eax eax +
jmp loc_1001286  +
test eax eax +
jnz loc_100128B  +
mov ecx [esi] +
test ecx ecx +
jz loc_1001283  +
call ecx  +
add esi 4 +
cmp esi [ebp+arg_4] +
jb loc_1001277  +
pop esi  +
pop ebp  +
retn   +
***
mov eax dword_100203C +
push offset dword_100202C  +
push dword_1002038  +
mov dword_100202C eax +
push offset unk_100201C  +
push offset unk_1002020  +
push offset unk_1002018  +
call ds:__wgetmainargs  +
add esp 14h +
mov dword_1002028 eax +
retn   +
***
call __SEH_prolog4  +
xor ebx ebx +
mov [ebp+var_1C] ebx +
mov [ebp+ms_exc.disabled] ebx +
lea eax [ebp+StartupInfo] +
push eax  +
call ds:GetStartupInfoW  +
mov [ebp+ms_exc.disabled] 0FFFFFFFEh +
mov [ebp+ms_exc.disabled] 1 +
mov eax large fs:18h +
mov esi [eax+4] +
mov [ebp+var_20] ebx +
mov edi offset Destination +
push ebx  +
push esi  +
push edi  +
call ds:InterlockedCompareExchange  +
cmp eax ebx +
jz loc_100132E  +
cmp eax esi +
jnz loc_1001321  +
xor esi esi +
inc esi  +
mov [ebp+var_20] esi +
jmp loc_1001331  +
push 3E8h  +
call ds:Sleep  +
jmp loc_1001308  +
xor esi esi +
inc esi  +
mov eax dword_100236C +
cmp eax esi +
jnz loc_1001344  +
push 1Fh  +
call _amsg_exit  +
pop ecx  +
jmp loc_1001373  +
mov eax dword_100236C +
test eax eax +
jnz loc_100136D  +
mov dword_100236C esi +
push offset dword_10010B8  +
push offset dword_10010AC  +
call sub_100126A  +
pop ecx  +
pop ecx  +
test eax eax +
jz loc_1001373  +
jmp loc_1001497  +
mov dword_1002034 esi +
mov eax dword_100236C +
cmp eax esi +
jnz loc_1001397  +
push offset dword_10010A8  +
push offset dword_10010A0  +
call _initterm  +
pop ecx  +
pop ecx  +
mov dword_100236C 2 +
cmp [ebp+var_20] ebx +
jnz loc_10013A4  +
push ebx  +
push edi  +
call ds:InterlockedExchange  +
cmp dword_1002374 ebx +
jz loc_10013C5  +
push offset dword_1002374  +
call sub_1001689  +
pop ecx  +
test eax eax +
jz loc_10013C5  +
push ebx  +
push 2  +
push ebx  +
call dword_1002374  +
mov eax ds:_wcmdln +
cmp [eax] ebx +
jz loc_1001497  +
mov eax [eax] +
mov [ebp+var_24] eax +
movzx ecx word ptr [eax] +
cmp cx 20h +
ja $LN58  +
cmp cx bx +
jz loc_10013EA  +
cmp [ebp+var_1C] ebx +
jnz $LN58  +
movzx ecx word ptr [eax] +
cmp cx bx +
jz loc_10013FF  +
cmp cx 20h +
ja loc_10013FF  +
inc eax  +
inc eax  +
mov [ebp+var_24] eax +
jmp loc_10013EA  +
test byte ptr [ebp+StartupInfo.dwFlags] 1 +
jz loc_100140B  +
movzx ecx [ebp+StartupInfo.wShowWindow] +
jmp loc_100140E  +
push 0Ah  +
pop ecx  +
push ecx  +
push eax  +
push ebx  +
push 1000000h  +
call _wWinMain@16  +
mov dword_1002030 eax +
cmp dword_1002024 ebx +
jnz $LN59  +
push eax  +
call ds:exit  +
cmp cx 22h +
jnz loc_1001440  +
xor ecx ecx +
cmp [ebp+var_1C] ebx +
setz cl  +
mov [ebp+var_1C] ecx +
inc eax  +
inc eax  +
jmp loc_10013D4  +
mov eax [ebp-14h] +
mov ecx [eax] +
mov ecx [ecx] +
mov [ebp-28h] ecx +
push eax  +
push ecx  +
call _XcptFilter  +
pop ecx  +
pop ecx  +
retn   +
mov esp [ebp-18h] +
mov eax [ebp-28h] +
mov dword_1002030 eax +
xor ebx ebx +
cmp dword_1002024 ebx +
jnz $LN59  +
push eax  +
call ds:_exit  +
cmp dword_1002034 ebx +
jnz loc_1001482  +
call ds:_cexit  +
mov [ebp+ms_exc.disabled] 0FFFFFFFEh +
mov eax dword_1002030 +
jmp loc_10014A3  +
xor eax eax +
inc eax  +
retn   +
mov esp [ebp-18h] +
mov [ebp+ms_exc.disabled] 0FFFFFFFEh +
mov eax 0FFh +
call __SEH_epilog4  +
retn   +
***
mov eax 5A4Dh +
cmp ds:1000000h ax +
jz loc_10014C0  +
xor eax eax +
jmp loc_100150D  +
mov eax ds:100003Ch +
lea eax [eax+1000000h] +
cmp dword ptr [eax] 4550h +
jnz loc_10014BC  +
movzx ecx word ptr [eax+18h] +
cmp ecx 10Bh +
jz loc_10014FA  +
cmp ecx 20Bh +
jnz loc_10014BC  +
cmp dword ptr [eax+84h] 0Eh +
jbe loc_10014BC  +
xor ecx ecx +
cmp [eax+0F8h] ecx +
jmp loc_1001508  +
cmp dword ptr [eax+74h] 0Eh +
jbe loc_10014BC  +
xor ecx ecx +
cmp [eax+0E8h] ecx +
setnz cl  +
mov eax ecx +
push 2  +
mov dword_1002024 eax +
call sub_1001822  +
push eax  +
call ds:__set_app_type  +
or dword_1002364 0FFFFFFFFh +
or dword_1002368 0FFFFFFFFh +
pop ecx  +
pop ecx  +
call ds:__p__fmode  +
mov ecx dword_1002044 +
mov [eax] ecx +
call ds:__p__commode  +
mov ecx dword_1002040 +
mov [eax] ecx +
call sub_10017B4  +
cmp dword_1002008 0 +
jnz loc_1001566  +
push offset sub_10017B4  +
call ds:__setusermatherr  +
pop ecx  +
call sub_100179C  +
xor eax eax +
retn   +
***
call sub_1001861  +
jmp ___tmainCRTStartup  +
***
push ebp  +
mov ebp esp +
mov eax [ebp+8] +
mov eax [eax] +
cmp dword ptr [eax] 0E06D7363h +
jnz loc_10015CA  +
cmp dword ptr [eax+10h] 3 +
jnz loc_10015CA  +
mov eax [eax+14h] +
cmp eax 19930520h +
jz loc_10015C4  +
cmp eax 19930521h +
jz loc_10015C4  +
cmp eax 19930522h +
jz loc_10015C4  +
cmp eax 1994000h +
jnz loc_10015CA  +
call ds:?terminate@@YAXXZ  +
xor eax eax +
pop ebp  +
retn 4  +
***
push (offset byte_100158C+1)  +
call ds:SetUnhandledExceptionFilter  +
xor eax eax +
retn   +
***
mov edi edi +
push ebp  +
mov ebp esp +
mov ecx [ebp+arg_0] +
mov eax 5A4Dh +
cmp [ecx] ax +
jz loc_1001616  +
xor eax eax +
pop ebp  +
retn   +
mov eax [ecx+3Ch] +
add eax ecx +
cmp dword ptr [eax] 4550h +
jnz loc_1001612  +
xor edx edx +
mov ecx 10Bh +
cmp [eax+18h] cx +
setz dl  +
mov eax edx +
pop ebp  +
retn   +
***
mov edi edi +
push ebp  +
mov ebp esp +
mov eax [ebp+arg_0] +
mov ecx [eax+3Ch] +
add ecx eax +
movzx eax word ptr [ecx+14h] +
push ebx  +
push esi  +
movzx esi word ptr [ecx+6] +
xor edx edx +
push edi  +
lea eax [eax+ecx+18h] +
test esi esi +
jbe loc_100167D  +
mov edi [ebp+arg_4] +
mov ecx [eax+0Ch] +
cmp edi ecx +
jb loc_1001675  +
mov ebx [eax+8] +
add ebx ecx +
cmp edi ebx +
jb loc_100167F  +
inc edx  +
add eax 28h +
cmp edx esi +
jb loc_1001665  +
xor eax eax +
pop edi  +
pop esi  +
pop ebx  +
pop ebp  +
retn   +
***
call __SEH_prolog4  +
and [ebp+ms_exc.disabled] 0 +
mov esi 1000000h +
push esi  +
call sub_1001600  +
pop ecx  +
test eax eax +
jz loc_10016E6  +
mov eax [ebp+arg_0] +
sub eax esi +
push eax  +
push esi  +
call sub_1001640  +
pop ecx  +
pop ecx  +
test eax eax +
jz loc_10016E6  +
mov eax [eax+24h] +
shr eax 1Fh +
not eax  +
and eax 1 +
mov [ebp+ms_exc.disabled] 0FFFFFFFEh +
jmp loc_10016EF  +
mov eax [ebp-14h] +
mov eax [eax] +
mov eax [eax] +
xor ecx ecx +
cmp eax 0C0000005h +
setz cl  +
mov eax ecx +
retn   +
mov esp [ebp-18h] +
mov [ebp+ms_exc.disabled] 0FFFFFFFEh +
xor eax eax +
call __SEH_epilog4  +
retn   +
***
mov eax [esp+8+arg_4] +
mov ecx [ebp-10h] +
mov large fs:0 ecx +
pop ecx  +
pop edi  +
pop edi  +
pop esi  +
pop ebx  +
mov esp ebp +
pop ebp  +
push ecx  +
retn   +
***
mov edi edi +
push ebp  +
mov ebp esp +
push dword ptr [ebp+14h]  +
push dword ptr [ebp+10h]  +
push dword ptr [ebp+0Ch]  +
push dword ptr [ebp+8]  +
push offset loc_10018F7  +
push offset dword_100200C  +
call _except_handler4_common  +
add esp 18h +
pop ebp  +
retn   +
***
call ds:_controlfp  +
pop ecx  +
pop ecx  +
retn   +
***
retn   +
***
call __SEH_prolog4  +
xor eax eax +
mov ecx [ebp+arg_0] +
test ecx ecx +
jz loc_1001815  +
cmp ecx 0FFFFFFFFh +
jz loc_1001815  +
and [ebp+ms_exc.disabled] eax +
mov edx 5A4Dh +
cmp [ecx] dx +
jnz loc_100180E  +
mov edx [ecx+3Ch] +
test edx edx +
jl loc_100180E  +
cmp edx 10000000h +
jnb loc_100180E  +
lea eax [edx+ecx] +
mov [ebp+var_1C] eax +
cmp dword ptr [eax] 4550h +
jz loc_100180E  +
jmp loc_1001809  +
xor eax eax +
inc eax  +
retn   +
mov esp [ebp-18h] +
xor eax eax +
mov [ebp+var_1C] eax +
mov [ebp+ms_exc.disabled] 0FFFFFFFEh +
call __SEH_epilog4  +
retn 4  +
***
mov edi edi +
push ebp  +
mov ebp esp +
push 0  +
call ds:GetModuleHandleA  +
test eax eax +
jz loc_1001857  +
push eax  +
call sub_10017BC  +
test eax eax +
jz loc_1001857  +
movzx eax word ptr [eax+5Ch] +
cmp ax 2 +
jnz loc_100184C  +
push 2  +
pop eax  +
pop ebp  +
retn   +
cmp ax 3 +
jnz loc_1001857  +
xor eax eax +
inc eax  +
pop ebp  +
retn   +
mov eax [ebp+arg_0] +
pop ebp  +
retn   +
***
mov edi edi +
push ebp  +
mov ebp esp +
sub esp 10h +
mov eax dword_100200C +
and [ebp+SystemTimeAsFileTime.dwLowDateTime] 0 +
and [ebp+SystemTimeAsFileTime.dwHighDateTime] 0 +
push ebx  +
push edi  +
mov edi 0BB40E64Eh +
mov ebx 0FFFF0000h +
cmp eax edi +
jz loc_1001893  +
test eax ebx +
jz loc_1001893  +
not eax  +
mov dword_1002010 eax +
jmp loc_10018EE  +
push esi  +
lea eax [ebp+SystemTimeAsFileTime] +
push eax  +
call ds:GetSystemTimeAsFileTime  +
mov esi [ebp+SystemTimeAsFileTime.dwHighDateTime] +
xor esi [ebp+SystemTimeAsFileTime.dwLowDateTime] +
call ds:GetCurrentProcessId  +
xor esi eax +
call ds:GetCurrentThreadId  +
xor esi eax +
call ds:GetTickCount  +
xor esi eax +
lea eax [ebp+PerformanceCount] +
push eax  +
call ds:QueryPerformanceCounter  +
mov eax dword ptr [ebp+PerformanceCount+4] +
xor eax dword ptr [ebp+PerformanceCount] +
xor esi eax +
cmp esi edi +
jz loc_10018DA  +
test dword_100200C ebx +
jnz loc_10018DF  +
mov esi 0BB40E64Fh +
mov dword_100200C esi +
not esi  +
mov dword_1002010 esi +
pop esi  +
pop edi  +
pop ebx  +
leave   +
retn   +
***
cmp ecx dword_100200C +
jnz loc_1001902  +
retn 0  +
***
jmp loc_1001917  +
***
mov edi edi +
push ebp  +
mov ebp esp +
sub esp 328h +
mov dword_1002148 eax +
mov dword_1002144 ecx +
mov dword_1002140 edx +
mov dword_100213C ebx +
mov dword_1002138 esi +
mov dword_1002134 edi +
mov word_1002160 ss +
mov word_1002154 cs +
mov word_1002130 ds +
mov word_100212C es +
mov word_1002128 fs +
mov word_1002124 gs +
pushf   +
pop dword_1002158  +
mov eax [ebp+0] +
mov dword_100214C eax +
mov eax [ebp+4] +
mov dword_1002150 eax +
lea eax [ebp+8] +
mov dword_100215C eax +
mov eax [ebp-320h] +
mov dword_1002098 10001h +
mov eax dword_1002150 +
mov dword_1002054 eax +
mov dword_1002048 0C0000409h +
mov dword_100204C 1 +
mov eax dword_100200C +
mov [ebp-328h] eax +
mov eax dword_1002010 +
mov [ebp-324h] eax +
push 0  +
call ds:SetUnhandledExceptionFilter  +
push offset off_1001114  +
call ds:UnhandledExceptionFilter  +
push 0C0000409h  +
call ds:GetCurrentProcess  +
push eax  +
call ds:TerminateProcess  +
leave   +
retn   +
***
